Command line invocation:
    /Applications/Xcode.app/Contents/Developer/usr/bin/xcodebuild -project Codecanic.xcodeproj -scheme Codecanic -configuration Release -destination generic/platform=iOS -archivePath build/Codecanic-1.3.1-b7.xcarchive archive CODE_SIGN_STYLE=Manual "CODE_SIGN_IDENTITY=Apple Distribution" "PROVISIONING_PROFILE_SPECIFIER=Codecanic App Store"

Build settings from command line:
    CODE_SIGN_IDENTITY = Apple Distribution
    CODE_SIGN_STYLE = Manual
    PROVISIONING_PROFILE_SPECIFIER = Codecanic App Store

2026-07-02 08:30:24.914 xcodebuild[3317:3564085] [MT] IDERunDestination: Supported platforms for the buildables in the current scheme is empty.
note: Using codesigning identity override: Apple Distribution
ComputePackagePrebuildTargetDependencyGraph

Prepare packages

CreateBuildRequest

SendProjectDescription

CreateBuildOperation

ComputeTargetDependencyGraph
note: Building targets in dependency order
note: Target dependency graph (1 target)
    Target 'Codecanic' in project 'Codecanic' (no dependencies)

GatherProvisioningInputs

CreateBuildDescription

ExecuteExternalTool /Applications/Xcode.app/Contents/Developer/Toolchains/XcodeDefault.xctoolchain/usr/bin/clang -v -E -dM -isysroot /Applications/Xcode.app/Contents/Developer/Platforms/iPhoneOS.platform/Developer/SDKs/iPhoneOS26.5.sdk -x c -c /dev/null

ExecuteExternalTool /Applications/Xcode.app/Contents/Developer/usr/bin/actool --print-asset-tag-combinations --output-format xml1 /Users/damiengantt-mcdade/Codecanic/ios/Codecanic/Codecanic/Assets.xcassets

ExecuteExternalTool /Applications/Xcode.app/Contents/Developer/usr/bin/actool --version --output-format xml1

ExecuteExternalTool /Applications/Xcode.app/Contents/Developer/Toolchains/XcodeDefault.xctoolchain/usr/bin/swiftc --version

ExecuteExternalTool /Applications/Xcode.app/Contents/Developer/Toolchains/XcodeDefault.xctoolchain/usr/bin/ld -version_details

Build description signature: 6aeb427c5f725650205feb54fb384b40
Build description path: /Users/damiengantt-mcdade/Library/Developer/Xcode/DerivedData/Codecanic-anxsghmpdceakvagktqalqedacgf/Build/Intermediates.noindex/ArchiveIntermediates/Codecanic/IntermediateBuildFilesPath/XCBuildData/6aeb427c5f725650205feb54fb384b40.xcbuilddata
ClangStatCache /Applications/Xcode.app/Contents/Developer/Toolchains/XcodeDefault.xctoolchain/usr/bin/clang-stat-cache /Applications/Xcode.app/Contents/Developer/Platforms/iPhoneOS.platform/Developer/SDKs/iPhoneOS26.5.sdk /Users/damiengantt-mcdade/Library/Developer/Xcode/DerivedData/SDKStatCaches.noindex/iphoneos26.5-23F81a-32daed1954a7d5dd0789fcaf2a9bb78b.sdkstatcache
    cd /Users/damiengantt-mcdade/Codecanic/ios/Codecanic/Codecanic.xcodeproj
    /Applications/Xcode.app/Contents/Developer/Toolchains/XcodeDefault.xctoolchain/usr/bin/clang-stat-cache /Applications/Xcode.app/Contents/Developer/Platforms/iPhoneOS.platform/Developer/SDKs/iPhoneOS26.5.sdk -o /Users/damiengantt-mcdade/Library/Developer/Xcode/DerivedData/SDKStatCaches.noindex/iphoneos26.5-23F81a-32daed1954a7d5dd0789fcaf2a9bb78b.sdkstatcache

CreateBuildDirectory /Users/damiengantt-mcdade/Library/Developer/Xcode/DerivedData/Codecanic-anxsghmpdceakvagktqalqedacgf/Build/Intermediates.noindex/ArchiveIntermediates/Codecanic/InstallationBuildProductsLocation
    cd /Users/damiengantt-mcdade/Codecanic/ios/Codecanic/Codecanic.xcodeproj
    builtin-create-build-directory /Users/damiengantt-mcdade/Library/Developer/Xcode/DerivedData/Codecanic-anxsghmpdceakvagktqalqedacgf/Build/Intermediates.noindex/ArchiveIntermediates/Codecanic/InstallationBuildProductsLocation

CreateBuildDirectory /Users/damiengantt-mcdade/Library/Developer/Xcode/DerivedData/Codecanic-anxsghmpdceakvagktqalqedacgf/Build/Intermediates.noindex/ArchiveIntermediates/Codecanic/IntermediateBuildFilesPath
    cd /Users/damiengantt-mcdade/Codecanic/ios/Codecanic/Codecanic.xcodeproj
    builtin-create-build-directory /Users/damiengantt-mcdade/Library/Developer/Xcode/DerivedData/Codecanic-anxsghmpdceakvagktqalqedacgf/Build/Intermediates.noindex/ArchiveIntermediates/Codecanic/IntermediateBuildFilesPath

CreateBuildDirectory /Users/damiengantt-mcdade/Library/Developer/Xcode/DerivedData/Codecanic-anxsghmpdceakvagktqalqedacgf/Build/Intermediates.noindex/ArchiveIntermediates/Codecanic/BuildProductsPath
    cd /Users/damiengantt-mcdade/Codecanic/ios/Codecanic/Codecanic.xcodeproj
    builtin-create-build-directory /Users/damiengantt-mcdade/Library/Developer/Xcode/DerivedData/Codecanic-anxsghmpdceakvagktqalqedacgf/Build/Intermediates.noindex/ArchiveIntermediates/Codecanic/BuildProductsPath

CreateBuildDirectory /Users/damiengantt-mcdade/Library/Developer/Xcode/DerivedData/Codecanic-anxsghmpdceakvagktqalqedacgf/Build/Intermediates.noindex/ArchiveIntermediates/Codecanic/IntermediateBuildFilesPath/SwiftExplicitPrecompiledModules
    cd /Users/damiengantt-mcdade/Codecanic/ios/Codecanic/Codecanic.xcodeproj
    builtin-create-build-directory /Users/damiengantt-mcdade/Library/Developer/Xcode/DerivedData/Codecanic-anxsghmpdceakvagktqalqedacgf/Build/Intermediates.noindex/ArchiveIntermediates/Codecanic/IntermediateBuildFilesPath/SwiftExplicitPrecompiledModules

CreateBuildDirectory /Users/damiengantt-mcdade/Library/Developer/Xcode/DerivedData/Codecanic-anxsghmpdceakvagktqalqedacgf/Build/Intermediates.noindex/ArchiveIntermediates/Codecanic/IntermediateBuildFilesPath/ExplicitPrecompiledModules
    cd /Users/damiengantt-mcdade/Codecanic/ios/Codecanic/Codecanic.xcodeproj
    builtin-create-build-directory /Users/damiengantt-mcdade/Library/Developer/Xcode/DerivedData/Codecanic-anxsghmpdceakvagktqalqedacgf/Build/Intermediates.noindex/ArchiveIntermediates/Codecanic/IntermediateBuildFilesPath/ExplicitPrecompiledModules

WriteAuxiliaryFile /Users/damiengantt-mcdade/Library/Developer/Xcode/DerivedData/Codecanic-anxsghmpdceakvagktqalqedacgf/Build/Intermediates.noindex/ArchiveIntermediates/Codecanic/IntermediateBuildFilesPath/Codecanic.build/Release-iphoneos/Codecanic-d493adf0c04072a29b077231c9d5c37f-VFS-iphoneos/all-product-headers.yaml
    cd /Users/damiengantt-mcdade/Codecanic/ios/Codecanic/Codecanic.xcodeproj
    write-file /Users/damiengantt-mcdade/Library/Developer/Xcode/DerivedData/Codecanic-anxsghmpdceakvagktqalqedacgf/Build/Intermediates.noindex/ArchiveIntermediates/Codecanic/IntermediateBuildFilesPath/Codecanic.build/Release-iphoneos/Codecanic-d493adf0c04072a29b077231c9d5c37f-VFS-iphoneos/all-product-headers.yaml

CreateBuildDirectory /Users/damiengantt-mcdade/Library/Developer/Xcode/DerivedData/Codecanic-anxsghmpdceakvagktqalqedacgf/Build/Intermediates.noindex/ArchiveIntermediates/Codecanic/BuildProductsPath/Release-iphoneos
    cd /Users/damiengantt-mcdade/Codecanic/ios/Codecanic/Codecanic.xcodeproj
    builtin-create-build-directory /Users/damiengantt-mcdade/Library/Developer/Xcode/DerivedData/Codecanic-anxsghmpdceakvagktqalqedacgf/Build/Intermediates.noindex/ArchiveIntermediates/Codecanic/BuildProductsPath/Release-iphoneos

CreateBuildDirectory /Users/damiengantt-mcdade/Library/Developer/Xcode/DerivedData/Codecanic-anxsghmpdceakvagktqalqedacgf/Build/Intermediates.noindex/ArchiveIntermediates/Codecanic/IntermediateBuildFilesPath/EagerLinkingTBDs/Release-iphoneos
    cd /Users/damiengantt-mcdade/Codecanic/ios/Codecanic/Codecanic.xcodeproj
    builtin-create-build-directory /Users/damiengantt-mcdade/Library/Developer/Xcode/DerivedData/Codecanic-anxsghmpdceakvagktqalqedacgf/Build/Intermediates.noindex/ArchiveIntermediates/Codecanic/IntermediateBuildFilesPath/EagerLinkingTBDs/Release-iphoneos

WriteAuxiliaryFile /Users/damiengantt-mcdade/Library/Developer/Xcode/DerivedData/Codecanic-anxsghmpdceakvagktqalqedacgf/Build/Intermediates.noindex/ArchiveIntermediates/Codecanic/IntermediateBuildFilesPath/Codecanic.build/Release-iphoneos/Codecanic.build/Codecanic.hmap (in target 'Codecanic' from project 'Codecanic')
    cd /Users/damiengantt-mcdade/Codecanic/ios/Codecanic
    write-file /Users/damiengantt-mcdade/Library/Developer/Xcode/DerivedData/Codecanic-anxsghmpdceakvagktqalqedacgf/Build/Intermediates.noindex/ArchiveIntermediates/Codecanic/IntermediateBuildFilesPath/Codecanic.build/Release-iphoneos/Codecanic.build/Codecanic.hmap

WriteAuxiliaryFile /Users/damiengantt-mcdade/Library/Developer/Xcode/DerivedData/Codecanic-anxsghmpdceakvagktqalqedacgf/Build/Intermediates.noindex/ArchiveIntermediates/Codecanic/IntermediateBuildFilesPath/Codecanic.build/Release-iphoneos/Codecanic.build/Codecanic.DependencyStaticMetadataFileList (in target 'Codecanic' from project 'Codecanic')
    cd /Users/damiengantt-mcdade/Codecanic/ios/Codecanic
    write-file /Users/damiengantt-mcdade/Library/Developer/Xcode/DerivedData/Codecanic-anxsghmpdceakvagktqalqedacgf/Build/Intermediates.noindex/ArchiveIntermediates/Codecanic/IntermediateBuildFilesPath/Codecanic.build/Release-iphoneos/Codecanic.build/Codecanic.DependencyStaticMetadataFileList

WriteAuxiliaryFile /Users/damiengantt-mcdade/Library/Developer/Xcode/DerivedData/Codecanic-anxsghmpdceakvagktqalqedacgf/Build/Intermediates.noindex/ArchiveIntermediates/Codecanic/IntermediateBuildFilesPath/Codecanic.build/Release-iphoneos/Codecanic.build/Codecanic.DependencyMetadataFileList (in target 'Codecanic' from project 'Codecanic')
    cd /Users/damiengantt-mcdade/Codecanic/ios/Codecanic
    write-file /Users/damiengantt-mcdade/Library/Developer/Xcode/DerivedData/Codecanic-anxsghmpdceakvagktqalqedacgf/Build/Intermediates.noindex/ArchiveIntermediates/Codecanic/IntermediateBuildFilesPath/Codecanic.build/Release-iphoneos/Codecanic.build/Codecanic.DependencyMetadataFileList

WriteAuxiliaryFile /Users/damiengantt-mcdade/Library/Developer/Xcode/DerivedData/Codecanic-anxsghmpdceakvagktqalqedacgf/Build/Intermediates.noindex/ArchiveIntermediates/Codecanic/IntermediateBuildFilesPath/Codecanic.build/Release-iphoneos/Codecanic.build/Objects-normal/arm64/Codecanic-OutputFileMap.json (in target 'Codecanic' from project 'Codecanic')
    cd /Users/damiengantt-mcdade/Codecanic/ios/Codecanic
    write-file /Users/damiengantt-mcdade/Library/Developer/Xcode/DerivedData/Codecanic-anxsghmpdceakvagktqalqedacgf/Build/Intermediates.noindex/ArchiveIntermediates/Codecanic/IntermediateBuildFilesPath/Codecanic.build/Release-iphoneos/Codecanic.build/Objects-normal/arm64/Codecanic-OutputFileMap.json

WriteAuxiliaryFile /Users/damiengantt-mcdade/Library/Developer/Xcode/DerivedData/Codecanic-anxsghmpdceakvagktqalqedacgf/Build/Intermediates.noindex/ArchiveIntermediates/Codecanic/IntermediateBuildFilesPath/Codecanic.build/Release-iphoneos/Codecanic.build/Objects-normal/arm64/Codecanic.SwiftConstValuesFileList (in target 'Codecanic' from project 'Codecanic')
    cd /Users/damiengantt-mcdade/Codecanic/ios/Codecanic
    write-file /Users/damiengantt-mcdade/Library/Developer/Xcode/DerivedData/Codecanic-anxsghmpdceakvagktqalqedacgf/Build/Intermediates.noindex/ArchiveIntermediates/Codecanic/IntermediateBuildFilesPath/Codecanic.build/Release-iphoneos/Codecanic.build/Objects-normal/arm64/Codecanic.SwiftConstValuesFileList

WriteAuxiliaryFile /Users/damiengantt-mcdade/Library/Developer/Xcode/DerivedData/Codecanic-anxsghmpdceakvagktqalqedacgf/Build/Intermediates.noindex/ArchiveIntermediates/Codecanic/IntermediateBuildFilesPath/Codecanic.build/Release-iphoneos/Codecanic.build/Objects-normal/arm64/Codecanic_const_extract_protocols.json (in target 'Codecanic' from project 'Codecanic')
    cd /Users/damiengantt-mcdade/Codecanic/ios/Codecanic
    write-file /Users/damiengantt-mcdade/Library/Developer/Xcode/DerivedData/Codecanic-anxsghmpdceakvagktqalqedacgf/Build/Intermediates.noindex/ArchiveIntermediates/Codecanic/IntermediateBuildFilesPath/Codecanic.build/Release-iphoneos/Codecanic.build/Objects-normal/arm64/Codecanic_const_extract_protocols.json

WriteAuxiliaryFile /Users/damiengantt-mcdade/Library/Developer/Xcode/DerivedData/Codecanic-anxsghmpdceakvagktqalqedacgf/Build/Intermediates.noindex/ArchiveIntermediates/Codecanic/IntermediateBuildFilesPath/Codecanic.build/Release-iphoneos/Codecanic.build/Objects-normal/arm64/Codecanic.LinkFileList (in target 'Codecanic' from project 'Codecanic')
    cd /Users/damiengantt-mcdade/Codecanic/ios/Codecanic
    write-file /Users/damiengantt-mcdade/Library/Developer/Xcode/DerivedData/Codecanic-anxsghmpdceakvagktqalqedacgf/Build/Intermediates.noindex/ArchiveIntermediates/Codecanic/IntermediateBuildFilesPath/Codecanic.build/Release-iphoneos/Codecanic.build/Objects-normal/arm64/Codecanic.LinkFileList

WriteAuxiliaryFile /Users/damiengantt-mcdade/Library/Developer/Xcode/DerivedData/Codecanic-anxsghmpdceakvagktqalqedacgf/Build/Intermediates.noindex/ArchiveIntermediates/Codecanic/IntermediateBuildFilesPath/Codecanic.build/Release-iphoneos/Codecanic.build/Objects-normal/arm64/Codecanic.SwiftFileList (in target 'Codecanic' from project 'Codecanic')
    cd /Users/damiengantt-mcdade/Codecanic/ios/Codecanic
    write-file /Users/damiengantt-mcdade/Library/Developer/Xcode/DerivedData/Codecanic-anxsghmpdceakvagktqalqedacgf/Build/Intermediates.noindex/ArchiveIntermediates/Codecanic/IntermediateBuildFilesPath/Codecanic.build/Release-iphoneos/Codecanic.build/Objects-normal/arm64/Codecanic.SwiftFileList

WriteAuxiliaryFile /Users/damiengantt-mcdade/Library/Developer/Xcode/DerivedData/Codecanic-anxsghmpdceakvagktqalqedacgf/Build/Intermediates.noindex/ArchiveIntermediates/Codecanic/IntermediateBuildFilesPath/Codecanic.build/Release-iphoneos/Codecanic.build/DerivedSources/Entitlements.plist (in target 'Codecanic' from project 'Codecanic')
    cd /Users/damiengantt-mcdade/Codecanic/ios/Codecanic
    write-file /Users/damiengantt-mcdade/Library/Developer/Xcode/DerivedData/Codecanic-anxsghmpdceakvagktqalqedacgf/Build/Intermediates.noindex/ArchiveIntermediates/Codecanic/IntermediateBuildFilesPath/Codecanic.build/Release-iphoneos/Codecanic.build/DerivedSources/Entitlements.plist

WriteAuxiliaryFile /Users/damiengantt-mcdade/Library/Developer/Xcode/DerivedData/Codecanic-anxsghmpdceakvagktqalqedacgf/Build/Intermediates.noindex/ArchiveIntermediates/Codecanic/IntermediateBuildFilesPath/Codecanic.build/Release-iphoneos/Codecanic.build/Codecanic-project-headers.hmap (in target 'Codecanic' from project 'Codecanic')
    cd /Users/damiengantt-mcdade/Codecanic/ios/Codecanic
    write-file /Users/damiengantt-mcdade/Library/Developer/Xcode/DerivedData/Codecanic-anxsghmpdceakvagktqalqedacgf/Build/Intermediates.noindex/ArchiveIntermediates/Codecanic/IntermediateBuildFilesPath/Codecanic.build/Release-iphoneos/Codecanic.build/Codecanic-project-headers.hmap

WriteAuxiliaryFile /Users/damiengantt-mcdade/Library/Developer/Xcode/DerivedData/Codecanic-anxsghmpdceakvagktqalqedacgf/Build/Intermediates.noindex/ArchiveIntermediates/Codecanic/IntermediateBuildFilesPath/Codecanic.build/Release-iphoneos/Codecanic.build/Codecanic-own-target-headers.hmap (in target 'Codecanic' from project 'Codecanic')
    cd /Users/damiengantt-mcdade/Codecanic/ios/Codecanic
    write-file /Users/damiengantt-mcdade/Library/Developer/Xcode/DerivedData/Codecanic-anxsghmpdceakvagktqalqedacgf/Build/Intermediates.noindex/ArchiveIntermediates/Codecanic/IntermediateBuildFilesPath/Codecanic.build/Release-iphoneos/Codecanic.build/Codecanic-own-target-headers.hmap

WriteAuxiliaryFile /Users/damiengantt-mcdade/Library/Developer/Xcode/DerivedData/Codecanic-anxsghmpdceakvagktqalqedacgf/Build/Intermediates.noindex/ArchiveIntermediates/Codecanic/IntermediateBuildFilesPath/Codecanic.build/Release-iphoneos/Codecanic.build/Codecanic-generated-files.hmap (in target 'Codecanic' from project 'Codecanic')
    cd /Users/damiengantt-mcdade/Codecanic/ios/Codecanic
    write-file /Users/damiengantt-mcdade/Library/Developer/Xcode/DerivedData/Codecanic-anxsghmpdceakvagktqalqedacgf/Build/Intermediates.noindex/ArchiveIntermediates/Codecanic/IntermediateBuildFilesPath/Codecanic.build/Release-iphoneos/Codecanic.build/Codecanic-generated-files.hmap

WriteAuxiliaryFile /Users/damiengantt-mcdade/Library/Developer/Xcode/DerivedData/Codecanic-anxsghmpdceakvagktqalqedacgf/Build/Intermediates.noindex/ArchiveIntermediates/Codecanic/IntermediateBuildFilesPath/Codecanic.build/Release-iphoneos/Codecanic.build/Codecanic-all-target-headers.hmap (in target 'Codecanic' from project 'Codecanic')
    cd /Users/damiengantt-mcdade/Codecanic/ios/Codecanic
    write-file /Users/damiengantt-mcdade/Library/Developer/Xcode/DerivedData/Codecanic-anxsghmpdceakvagktqalqedacgf/Build/Intermediates.noindex/ArchiveIntermediates/Codecanic/IntermediateBuildFilesPath/Codecanic.build/Release-iphoneos/Codecanic.build/Codecanic-all-target-headers.hmap

WriteAuxiliaryFile /Users/damiengantt-mcdade/Library/Developer/Xcode/DerivedData/Codecanic-anxsghmpdceakvagktqalqedacgf/Build/Intermediates.noindex/ArchiveIntermediates/Codecanic/IntermediateBuildFilesPath/Codecanic.build/Release-iphoneos/Codecanic.build/Codecanic-all-non-framework-target-headers.hmap (in target 'Codecanic' from project 'Codecanic')
    cd /Users/damiengantt-mcdade/Codecanic/ios/Codecanic
    write-file /Users/damiengantt-mcdade/Library/Developer/Xcode/DerivedData/Codecanic-anxsghmpdceakvagktqalqedacgf/Build/Intermediates.noindex/ArchiveIntermediates/Codecanic/IntermediateBuildFilesPath/Codecanic.build/Release-iphoneos/Codecanic.build/Codecanic-all-non-framework-target-headers.hmap

SymLink /Users/damiengantt-mcdade/Library/Developer/Xcode/DerivedData/Codecanic-anxsghmpdceakvagktqalqedacgf/Build/Intermediates.noindex/ArchiveIntermediates/Codecanic/BuildProductsPath/Release-iphoneos/Codecanic.app ../../InstallationBuildProductsLocation/Applications/Codecanic.app (in target 'Codecanic' from project 'Codecanic')
    cd /Users/damiengantt-mcdade/Codecanic/ios/Codecanic
    /bin/ln -sfh ../../InstallationBuildProductsLocation/Applications/Codecanic.app /Users/damiengantt-mcdade/Library/Developer/Xcode/DerivedData/Codecanic-anxsghmpdceakvagktqalqedacgf/Build/Intermediates.noindex/ArchiveIntermediates/Codecanic/BuildProductsPath/Release-iphoneos/Codecanic.app

MkDir /Users/damiengantt-mcdade/Library/Developer/Xcode/DerivedData/Codecanic-anxsghmpdceakvagktqalqedacgf/Build/Intermediates.noindex/ArchiveIntermediates/Codecanic/InstallationBuildProductsLocation/Applications/Codecanic.app (in target 'Codecanic' from project 'Codecanic')
    cd /Users/damiengantt-mcdade/Codecanic/ios/Codecanic
    /bin/mkdir -p /Users/damiengantt-mcdade/Library/Developer/Xcode/DerivedData/Codecanic-anxsghmpdceakvagktqalqedacgf/Build/Intermediates.noindex/ArchiveIntermediates/Codecanic/InstallationBuildProductsLocation/Applications/Codecanic.app

ProcessProductPackaging /Users/damiengantt-mcdade/Library/MobileDevice/Provisioning\ Profiles/8f6f3d56-383c-480d-a46b-fc61043a6f50.mobileprovision /Users/damiengantt-mcdade/Library/Developer/Xcode/DerivedData/Codecanic-anxsghmpdceakvagktqalqedacgf/Build/Intermediates.noindex/ArchiveIntermediates/Codecanic/InstallationBuildProductsLocation/Applications/Codecanic.app/embedded.mobileprovision (in target 'Codecanic' from project 'Codecanic')
    cd /Users/damiengantt-mcdade/Codecanic/ios/Codecanic
    builtin-productPackagingUtility /Users/damiengantt-mcdade/Library/MobileDevice/Provisioning\ Profiles/8f6f3d56-383c-480d-a46b-fc61043a6f50.mobileprovision -o /Users/damiengantt-mcdade/Library/Developer/Xcode/DerivedData/Codecanic-anxsghmpdceakvagktqalqedacgf/Build/Intermediates.noindex/ArchiveIntermediates/Codecanic/InstallationBuildProductsLocation/Applications/Codecanic.app/embedded.mobileprovision

ProcessProductPackaging "" /Users/damiengantt-mcdade/Library/Developer/Xcode/DerivedData/Codecanic-anxsghmpdceakvagktqalqedacgf/Build/Intermediates.noindex/ArchiveIntermediates/Codecanic/IntermediateBuildFilesPath/Codecanic.build/Release-iphoneos/Codecanic.build/Codecanic.app.xcent (in target 'Codecanic' from project 'Codecanic')
    cd /Users/damiengantt-mcdade/Codecanic/ios/Codecanic
    
    Entitlements:
    
    {
    "application-identifier" = "2S2MY5X9B9.app.codecanic";
    "beta-reports-active" = 1;
    "com.apple.developer.team-identifier" = 2S2MY5X9B9;
    "get-task-allow" = 0;
}
    
    builtin-productPackagingUtility -entitlements -format xml -o /Users/damiengantt-mcdade/Library/Developer/Xcode/DerivedData/Codecanic-anxsghmpdceakvagktqalqedacgf/Build/Intermediates.noindex/ArchiveIntermediates/Codecanic/IntermediateBuildFilesPath/Codecanic.build/Release-iphoneos/Codecanic.build/Codecanic.app.xcent

ProcessProductPackagingDER /Users/damiengantt-mcdade/Library/Developer/Xcode/DerivedData/Codecanic-anxsghmpdceakvagktqalqedacgf/Build/Intermediates.noindex/ArchiveIntermediates/Codecanic/IntermediateBuildFilesPath/Codecanic.build/Release-iphoneos/Codecanic.build/Codecanic.app.xcent /Users/damiengantt-mcdade/Library/Developer/Xcode/DerivedData/Codecanic-anxsghmpdceakvagktqalqedacgf/Build/Intermediates.noindex/ArchiveIntermediates/Codecanic/IntermediateBuildFilesPath/Codecanic.build/Release-iphoneos/Codecanic.build/Codecanic.app.xcent.der (in target 'Codecanic' from project 'Codecanic')
    cd /Users/damiengantt-mcdade/Codecanic/ios/Codecanic
    /usr/bin/derq query -f xml -i /Users/damiengantt-mcdade/Library/Developer/Xcode/DerivedData/Codecanic-anxsghmpdceakvagktqalqedacgf/Build/Intermediates.noindex/ArchiveIntermediates/Codecanic/IntermediateBuildFilesPath/Codecanic.build/Release-iphoneos/Codecanic.build/Codecanic.app.xcent -o /Users/damiengantt-mcdade/Library/Developer/Xcode/DerivedData/Codecanic-anxsghmpdceakvagktqalqedacgf/Build/Intermediates.noindex/ArchiveIntermediates/Codecanic/IntermediateBuildFilesPath/Codecanic.build/Release-iphoneos/Codecanic.build/Codecanic.app.xcent.der --raw

MkDir /Users/damiengantt-mcdade/Library/Developer/Xcode/DerivedData/Codecanic-anxsghmpdceakvagktqalqedacgf/Build/Intermediates.noindex/ArchiveIntermediates/Codecanic/IntermediateBuildFilesPath/Codecanic.build/Release-iphoneos/Codecanic.build/assetcatalog_output/thinned (in target 'Codecanic' from project 'Codecanic')
    cd /Users/damiengantt-mcdade/Codecanic/ios/Codecanic
    /bin/mkdir -p /Users/damiengantt-mcdade/Library/Developer/Xcode/DerivedData/Codecanic-anxsghmpdceakvagktqalqedacgf/Build/Intermediates.noindex/ArchiveIntermediates/Codecanic/IntermediateBuildFilesPath/Codecanic.build/Release-iphoneos/Codecanic.build/assetcatalog_output/thinned

GenerateAssetSymbols /Users/damiengantt-mcdade/Codecanic/ios/Codecanic/Codecanic/Assets.xcassets (in target 'Codecanic' from project 'Codecanic')
    cd /Users/damiengantt-mcdade/Codecanic/ios/Codecanic
    /Applications/Xcode.app/Contents/Developer/usr/bin/actool /Users/damiengantt-mcdade/Codecanic/ios/Codecanic/Codecanic/Assets.xcassets --compile /Users/damiengantt-mcdade/Library/Developer/Xcode/DerivedData/Codecanic-anxsghmpdceakvagktqalqedacgf/Build/Intermediates.noindex/ArchiveIntermediates/Codecanic/InstallationBuildProductsLocation/Applications/Codecanic.app --output-format human-readable-text --notices --warnings --export-dependency-info /Users/damiengantt-mcdade/Library/Developer/Xcode/DerivedData/Codecanic-anxsghmpdceakvagktqalqedacgf/Build/Intermediates.noindex/ArchiveIntermediates/Codecanic/IntermediateBuildFilesPath/Codecanic.build/Release-iphoneos/Codecanic.build/assetcatalog_dependencies --output-partial-info-plist /Users/damiengantt-mcdade/Library/Developer/Xcode/DerivedData/Codecanic-anxsghmpdceakvagktqalqedacgf/Build/Intermediates.noindex/ArchiveIntermediates/Codecanic/IntermediateBuildFilesPath/Codecanic.build/Release-iphoneos/Codecanic.build/assetcatalog_generated_info.plist --app-icon AppIcon --compress-pngs --enable-on-demand-resources YES --development-region en --target-device iphone --target-device ipad --minimum-deployment-target 16.0 --platform iphoneos --bundle-identifier app.codecanic --generate-swift-asset-symbol-extensions NO --generate-swift-asset-symbols /Users/damiengantt-mcdade/Library/Developer/Xcode/DerivedData/Codecanic-anxsghmpdceakvagktqalqedacgf/Build/Intermediates.noindex/ArchiveIntermediates/Codecanic/IntermediateBuildFilesPath/Codecanic.build/Release-iphoneos/Codecanic.build/DerivedSources/GeneratedAssetSymbols.swift --generate-objc-asset-symbols /Users/damiengantt-mcdade/Library/Developer/Xcode/DerivedData/Codecanic-anxsghmpdceakvagktqalqedacgf/Build/Intermediates.noindex/ArchiveIntermediates/Codecanic/IntermediateBuildFilesPath/Codecanic.build/Release-iphoneos/Codecanic.build/DerivedSources/GeneratedAssetSymbols.h --generate-asset-symbol-index /Users/damiengantt-mcdade/Library/Developer/Xcode/DerivedData/Codecanic-anxsghmpdceakvagktqalqedacgf/Build/Intermediates.noindex/ArchiveIntermediates/Codecanic/IntermediateBuildFilesPath/Codecanic.build/Release-iphoneos/Codecanic.build/DerivedSources/GeneratedAssetSymbols-Index.plist
/* com.apple.actool.compilation-results */
/Users/damiengantt-mcdade/Library/Developer/Xcode/DerivedData/Codecanic-anxsghmpdceakvagktqalqedacgf/Build/Intermediates.noindex/ArchiveIntermediates/Codecanic/IntermediateBuildFilesPath/Codecanic.build/Release-iphoneos/Codecanic.build/DerivedSources/GeneratedAssetSymbols-Index.plist
/Users/damiengantt-mcdade/Library/Developer/Xcode/DerivedData/Codecanic-anxsghmpdceakvagktqalqedacgf/Build/Intermediates.noindex/ArchiveIntermediates/Codecanic/IntermediateBuildFilesPath/Codecanic.build/Release-iphoneos/Codecanic.build/DerivedSources/GeneratedAssetSymbols.h
/Users/damiengantt-mcdade/Library/Developer/Xcode/DerivedData/Codecanic-anxsghmpdceakvagktqalqedacgf/Build/Intermediates.noindex/ArchiveIntermediates/Codecanic/IntermediateBuildFilesPath/Codecanic.build/Release-iphoneos/Codecanic.build/DerivedSources/GeneratedAssetSymbols.swift


MkDir /Users/damiengantt-mcdade/Library/Developer/Xcode/DerivedData/Codecanic-anxsghmpdceakvagktqalqedacgf/Build/Intermediates.noindex/ArchiveIntermediates/Codecanic/IntermediateBuildFilesPath/Codecanic.build/Release-iphoneos/Codecanic.build/assetcatalog_output/unthinned (in target 'Codecanic' from project 'Codecanic')
    cd /Users/damiengantt-mcdade/Codecanic/ios/Codecanic
    /bin/mkdir -p /Users/damiengantt-mcdade/Library/Developer/Xcode/DerivedData/Codecanic-anxsghmpdceakvagktqalqedacgf/Build/Intermediates.noindex/ArchiveIntermediates/Codecanic/IntermediateBuildFilesPath/Codecanic.build/Release-iphoneos/Codecanic.build/assetcatalog_output/unthinned

CompileAssetCatalogVariant thinned /Users/damiengantt-mcdade/Library/Developer/Xcode/DerivedData/Codecanic-anxsghmpdceakvagktqalqedacgf/Build/Intermediates.noindex/ArchiveIntermediates/Codecanic/InstallationBuildProductsLocation/Applications/Codecanic.app /Users/damiengantt-mcdade/Codecanic/ios/Codecanic/Codecanic/Assets.xcassets (in target 'Codecanic' from project 'Codecanic')
    cd /Users/damiengantt-mcdade/Codecanic/ios/Codecanic
    /Applications/Xcode.app/Contents/Developer/usr/bin/actool /Users/damiengantt-mcdade/Codecanic/ios/Codecanic/Codecanic/Assets.xcassets --compile /Users/damiengantt-mcdade/Library/Developer/Xcode/DerivedData/Codecanic-anxsghmpdceakvagktqalqedacgf/Build/Intermediates.noindex/ArchiveIntermediates/Codecanic/IntermediateBuildFilesPath/Codecanic.build/Release-iphoneos/Codecanic.build/assetcatalog_output/thinned --output-format human-readable-text --notices --warnings --export-dependency-info /Users/damiengantt-mcdade/Library/Developer/Xcode/DerivedData/Codecanic-anxsghmpdceakvagktqalqedacgf/Build/Intermediates.noindex/ArchiveIntermediates/Codecanic/IntermediateBuildFilesPath/Codecanic.build/Release-iphoneos/Codecanic.build/assetcatalog_dependencies_thinned --output-partial-info-plist /Users/damiengantt-mcdade/Library/Developer/Xcode/DerivedData/Codecanic-anxsghmpdceakvagktqalqedacgf/Build/Intermediates.noindex/ArchiveIntermediates/Codecanic/IntermediateBuildFilesPath/Codecanic.build/Release-iphoneos/Codecanic.build/assetcatalog_generated_info.plist_thinned --app-icon AppIcon --compress-pngs --enable-on-demand-resources YES --development-region en --target-device iphone --target-device ipad --minimum-deployment-target 16.0 --platform iphoneos
/* com.apple.actool.compilation-results */
/Users/damiengantt-mcdade/Library/Developer/Xcode/DerivedData/Codecanic-anxsghmpdceakvagktqalqedacgf/Build/Intermediates.noindex/ArchiveIntermediates/Codecanic/IntermediateBuildFilesPath/Codecanic.build/Release-iphoneos/Codecanic.build/assetcatalog_generated_info.plist_thinned
/Users/damiengantt-mcdade/Library/Developer/Xcode/DerivedData/Codecanic-anxsghmpdceakvagktqalqedacgf/Build/Intermediates.noindex/ArchiveIntermediates/Codecanic/IntermediateBuildFilesPath/Codecanic.build/Release-iphoneos/Codecanic.build/assetcatalog_output/thinned/AppIcon60x60@2x.png
/Users/damiengantt-mcdade/Library/Developer/Xcode/DerivedData/Codecanic-anxsghmpdceakvagktqalqedacgf/Build/Intermediates.noindex/ArchiveIntermediates/Codecanic/IntermediateBuildFilesPath/Codecanic.build/Release-iphoneos/Codecanic.build/assetcatalog_output/thinned/AppIcon76x76@2x~ipad.png
/Users/damiengantt-mcdade/Library/Developer/Xcode/DerivedData/Codecanic-anxsghmpdceakvagktqalqedacgf/Build/Intermediates.noindex/ArchiveIntermediates/Codecanic/IntermediateBuildFilesPath/Codecanic.build/Release-iphoneos/Codecanic.build/assetcatalog_output/thinned/Assets.car


SwiftDriver Codecanic normal arm64 com.apple.xcode.tools.swift.compiler (in target 'Codecanic' from project 'Codecanic')
    cd /Users/damiengantt-mcdade/Codecanic/ios/Codecanic
    builtin-SwiftDriver -- /Applications/Xcode.app/Contents/Developer/Toolchains/XcodeDefault.xctoolchain/usr/bin/swiftc -module-name Codecanic -O -whole-module-optimization @/Users/damiengantt-mcdade/Library/Developer/Xcode/DerivedData/Codecanic-anxsghmpdceakvagktqalqedacgf/Build/Intermediates.noindex/ArchiveIntermediates/Codecanic/IntermediateBuildFilesPath/Codecanic.build/Release-iphoneos/Codecanic.build/Objects-normal/arm64/Codecanic.SwiftFileList -enable-bare-slash-regex -enable-experimental-feature DebugDescriptionMacro -sdk /Applications/Xcode.app/Contents/Developer/Platforms/iPhoneOS.platform/Developer/SDKs/iPhoneOS26.5.sdk -target arm64-apple-ios16.0 -g -module-cache-path /Users/damiengantt-mcdade/Library/Developer/Xcode/DerivedData/ModuleCache.noindex -Xfrontend -serialize-debugging-options -swift-version 5 -I /Users/damiengantt-mcdade/Library/Developer/Xcode/DerivedData/Codecanic-anxsghmpdceakvagktqalqedacgf/Build/Intermediates.noindex/ArchiveIntermediates/Codecanic/BuildProductsPath/Release-iphoneos -F /Users/damiengantt-mcdade/Library/Developer/Xcode/DerivedData/Codecanic-anxsghmpdceakvagktqalqedacgf/Build/Intermediates.noindex/ArchiveIntermediates/Codecanic/BuildProductsPath/Release-iphoneos -emit-localized-strings -emit-localized-strings-path /Users/damiengantt-mcdade/Library/Developer/Xcode/DerivedData/Codecanic-anxsghmpdceakvagktqalqedacgf/Build/Intermediates.noindex/ArchiveIntermediates/Codecanic/IntermediateBuildFilesPath/Codecanic.build/Release-iphoneos/Codecanic.build/Objects-normal/arm64 -c -num-threads 10 -Xcc -ivfsstatcache -Xcc /Users/damiengantt-mcdade/Library/Developer/Xcode/DerivedData/SDKStatCaches.noindex/iphoneos26.5-23F81a-32daed1954a7d5dd0789fcaf2a9bb78b.sdkstatcache -output-file-map /Users/damiengantt-mcdade/Library/Developer/Xcode/DerivedData/Codecanic-anxsghmpdceakvagktqalqedacgf/Build/Intermediates.noindex/ArchiveIntermediates/Codecanic/IntermediateBuildFilesPath/Codecanic.build/Release-iphoneos/Codecanic.build/Objects-normal/arm64/Codecanic-OutputFileMap.json -use-frontend-parseable-output -save-temps -no-color-diagnostics -explicit-module-build -module-cache-path /Users/damiengantt-mcdade/Library/Developer/Xcode/DerivedData/Codecanic-anxsghmpdceakvagktqalqedacgf/Build/Intermediates.noindex/ArchiveIntermediates/Codecanic/IntermediateBuildFilesPath/SwiftExplicitPrecompiledModules -clang-scanner-module-cache-path /Users/damiengantt-mcdade/Library/Developer/Xcode/DerivedData/ModuleCache.noindex -sdk-module-cache-path /Users/damiengantt-mcdade/Library/Developer/Xcode/DerivedData/ModuleCache.noindex -serialize-diagnostics -emit-dependencies -emit-module -emit-module-path /Users/damiengantt-mcdade/Library/Developer/Xcode/DerivedData/Codecanic-anxsghmpdceakvagktqalqedacgf/Build/Intermediates.noindex/ArchiveIntermediates/Codecanic/IntermediateBuildFilesPath/Codecanic.build/Release-iphoneos/Codecanic.build/Objects-normal/arm64/Codecanic.swiftmodule -validate-clang-modules-once -clang-build-session-file /Users/damiengantt-mcdade/Library/Developer/Xcode/DerivedData/ModuleCache.noindex/Session.modulevalidation -Xcc -I/Users/damiengantt-mcdade/Library/Developer/Xcode/DerivedData/Codecanic-anxsghmpdceakvagktqalqedacgf/Build/Intermediates.noindex/ArchiveIntermediates/Codecanic/IntermediateBuildFilesPath/Codecanic.build/Release-iphoneos/Codecanic.build/swift-overrides.hmap -emit-const-values -Xfrontend -const-gather-protocols-file -Xfrontend /Users/damiengantt-mcdade/Library/Developer/Xcode/DerivedData/Codecanic-anxsghmpdceakvagktqalqedacgf/Build/Intermediates.noindex/ArchiveIntermediates/Codecanic/IntermediateBuildFilesPath/Codecanic.build/Release-iphoneos/Codecanic.build/Objects-normal/arm64/Codecanic_const_extract_protocols.json -Xcc -iquote -Xcc /Users/damiengantt-mcdade/Library/Developer/Xcode/DerivedData/Codecanic-anxsghmpdceakvagktqalqedacgf/Build/Intermediates.noindex/ArchiveIntermediates/Codecanic/IntermediateBuildFilesPath/Codecanic.build/Release-iphoneos/Codecanic.build/Codecanic-generated-files.hmap -Xcc -I/Users/damiengantt-mcdade/Library/Developer/Xcode/DerivedData/Codecanic-anxsghmpdceakvagktqalqedacgf/Build/Intermediates.noindex/ArchiveIntermediates/Codecanic/IntermediateBuildFilesPath/Codecanic.build/Release-iphoneos/Codecanic.build/Codecanic-own-target-headers.hmap -Xcc -I/Users/damiengantt-mcdade/Library/Developer/Xcode/DerivedData/Codecanic-anxsghmpdceakvagktqalqedacgf/Build/Intermediates.noindex/ArchiveIntermediates/Codecanic/IntermediateBuildFilesPath/Codecanic.build/Release-iphoneos/Codecanic.build/Codecanic-all-target-headers.hmap -Xcc -iquote -Xcc /Users/damiengantt-mcdade/Library/Developer/Xcode/DerivedData/Codecanic-anxsghmpdceakvagktqalqedacgf/Build/Intermediates.noindex/ArchiveIntermediates/Codecanic/IntermediateBuildFilesPath/Codecanic.build/Release-iphoneos/Codecanic.build/Codecanic-project-headers.hmap -Xcc -I/Users/damiengantt-mcdade/Library/Developer/Xcode/DerivedData/Codecanic-anxsghmpdceakvagktqalqedacgf/Build/Intermediates.noindex/ArchiveIntermediates/Codecanic/BuildProductsPath/Release-iphoneos/include -Xcc -I/Users/damiengantt-mcdade/Library/Developer/Xcode/DerivedData/Codecanic-anxsghmpdceakvagktqalqedacgf/Build/Intermediates.noindex/ArchiveIntermediates/Codecanic/IntermediateBuildFilesPath/Codecanic.build/Release-iphoneos/Codecanic.build/DerivedSources-normal/arm64 -Xcc -I/Users/damiengantt-mcdade/Library/Developer/Xcode/DerivedData/Codecanic-anxsghmpdceakvagktqalqedacgf/Build/Intermediates.noindex/ArchiveIntermediates/Codecanic/IntermediateBuildFilesPath/Codecanic.build/Release-iphoneos/Codecanic.build/DerivedSources/arm64 -Xcc -I/Users/damiengantt-mcdade/Library/Developer/Xcode/DerivedData/Codecanic-anxsghmpdceakvagktqalqedacgf/Build/Intermediates.noindex/ArchiveIntermediates/Codecanic/IntermediateBuildFilesPath/Codecanic.build/Release-iphoneos/Codecanic.build/DerivedSources -emit-objc-header -emit-objc-header-path /Users/damiengantt-mcdade/Library/Developer/Xcode/DerivedData/Codecanic-anxsghmpdceakvagktqalqedacgf/Build/Intermediates.noindex/ArchiveIntermediates/Codecanic/IntermediateBuildFilesPath/Codecanic.build/Release-iphoneos/Codecanic.build/Objects-normal/arm64/Codecanic-Swift.h -working-directory /Users/damiengantt-mcdade/Codecanic/ios/Codecanic -no-emit-module-separately-wmo

SwiftCompile normal arm64 Compiling\ CodecanicApp.swift,\ ContentView.swift,\ GeneratedAssetSymbols.swift /Users/damiengantt-mcdade/Codecanic/ios/Codecanic/Codecanic/CodecanicApp.swift /Users/damiengantt-mcdade/Codecanic/ios/Codecanic/Codecanic/ContentView.swift /Users/damiengantt-mcdade/Library/Developer/Xcode/DerivedData/Codecanic-anxsghmpdceakvagktqalqedacgf/Build/Intermediates.noindex/ArchiveIntermediates/Codecanic/IntermediateBuildFilesPath/Codecanic.build/Release-iphoneos/Codecanic.build/DerivedSources/GeneratedAssetSymbols.swift /Applications/Xcode.app/Contents/Developer/Toolchains/XcodeDefault.xctoolchain/usr/lib/swift/iphoneos/prebuilt-modules/26.5/ObjectiveC.swiftmodule/arm64e-apple-ios.swiftmodule /Applications/Xcode.app/Contents/Developer/Toolchains/XcodeDefault.xctoolchain/usr/lib/swift/iphoneos/prebuilt-modules/26.5/OSLog.swiftmodule/arm64e-apple-ios.swiftmodule /Applications/Xcode.app/Contents/Developer/Toolchains/XcodeDefault.xctoolchain/usr/lib/swift/iphoneos/prebuilt-modules/26.5/_DarwinFoundation3.swiftmodule/arm64e-apple-ios.swiftmodule /Applications/Xcode.app/Contents/Developer/Toolchains/XcodeDefault.xctoolchain/usr/lib/swift/iphoneos/prebuilt-modules/26.5/Dispatch.swiftmodule/arm64e-apple-ios.swiftmodule /Applications/Xcode.app/Contents/Developer/Toolchains/XcodeDefault.xctoolchain/usr/lib/swift/iphoneos/prebuilt-modules/26.5/CoreImage.swiftmodule/arm64e-apple-ios.swiftmodule /Applications/Xcode.app/Contents/Developer/Toolchains/XcodeDefault.xctoolchain/usr/lib/swift/iphoneos/prebuilt-modules/26.5/Combine.swiftmodule/arm64e-apple-ios.swiftmodule /Applications/Xcode.app/Contents/Developer/Toolchains/XcodeDefault.xctoolchain/usr/lib/swift/iphoneos/prebuilt-modules/26.5/QuartzCore.swiftmodule/arm64e-apple-ios.swiftmodule /Applications/Xcode.app/Contents/Developer/Toolchains/XcodeDefault.xctoolchain/usr/lib/swift/iphoneos/prebuilt-modules/26.5/CoreGraphics.swiftmodule/arm64e-apple-ios.swiftmodule /Applications/Xcode.app/Contents/Developer/Toolchains/XcodeDefault.xctoolchain/usr/lib/swift/iphoneos/prebuilt-modules/26.5/ExtensionFoundation.swiftmodule/arm64e-apple-ios.swiftmodule /Applications/Xcode.app/Contents/Developer/Toolchains/XcodeDefault.xctoolchain/usr/lib/swift/iphoneos/prebuilt-modules/26.5/Symbols.swiftmodule/arm64e-apple-ios.swiftmodule /Applications/Xcode.app/Contents/Developer/Toolchains/XcodeDefault.xctoolchain/usr/lib/swift/iphoneos/prebuilt-modules/26.5/CoreFoundation.swiftmodule/arm64e-apple-ios.swiftmodule /Applications/Xcode.app/Contents/Developer/Toolchains/XcodeDefault.xctoolchain/usr/lib/swift/iphoneos/prebuilt-modules/26.5/FileProvider.swiftmodule/arm64e-apple-ios.swiftmodule /Applications/Xcode.app/Contents/Developer/Toolchains/XcodeDefault.xctoolchain/usr/lib/swift/iphoneos/prebuilt-modules/26.5/Metal.swiftmodule/arm64e-apple-ios.swiftmodule /Applications/Xcode.app/Contents/Developer/Toolchains/XcodeDefault.xctoolchain/usr/lib/swift/iphoneos/prebuilt-modules/26.5/CoreVideo.swiftmodule/arm64e-apple-ios.swiftmodule /Applications/Xcode.app/Contents/Developer/Toolchains/XcodeDefault.xctoolchain/usr/lib/swift/iphoneos/prebuilt-modules/26.5/UniformTypeIdentifiers.swiftmodule/arm64e-apple-ios.swiftmodule /Applications/Xcode.app/Contents/Developer/Toolchains/XcodeDefault.xctoolchain/usr/lib/swift/iphoneos/prebuilt-modules/26.5/LightweightCodeRequirements.swiftmodule/arm64e-apple-ios.swiftmodule /Applications/Xcode.app/Contents/Developer/Toolchains/XcodeDefault.xctoolchain/usr/lib/swift/iphoneos/prebuilt-modules/26.5/os.swiftmodule/arm64e-apple-ios.swiftmodule /Applications/Xcode.app/Contents/Developer/Toolchains/XcodeDefault.xctoolchain/usr/lib/swift/iphoneos/prebuilt-modules/26.5/LocalAuthentication.swiftmodule/arm64e-apple-ios.swiftmodule /Applications/Xcode.app/Contents/Developer/Toolchains/XcodeDefault.xctoolchain/usr/lib/swift/iphoneos/prebuilt-modules/26.5/SwiftUICore.swiftmodule/arm64e-apple-ios.swiftmodule /Applications/Xcode.app/Contents/Developer/Toolchains/XcodeDefault.xctoolchain/usr/lib/swift/iphoneos/prebuilt-modules/26.5/StoreKit.swiftmodule/arm64e-apple-ios.swiftmodule /Applications/Xcode.app/Contents/Developer/Toolchains/XcodeDefault.xctoolchain/usr/lib/swift/iphoneos/prebuilt-modules/26.5/DataDetection.swiftmodule/arm64e-apple-ios.swiftmodule /Applications/Xcode.app/Contents/Developer/Toolchains/XcodeDefault.xctoolchain/usr/lib/swift/iphoneos/prebuilt-modules/26.5/Spatial.swiftmodule/arm64e-apple-ios.swiftmodule /Applications/Xcode.app/Contents/Developer/Toolchains/XcodeDefault.xctoolchain/usr/lib/swift/iphoneos/prebuilt-modules/26.5/BackgroundAssets.swiftmodule/arm64e-apple-ios.swiftmodule /Applications/Xcode.app/Contents/Developer/Toolchains/XcodeDefault.xctoolchain/usr/lib/swift/iphoneos/prebuilt-modules/26.5/_Builtin_float.swiftmodule/arm64e-apple-ios.swiftmodule /Applications/Xcode.app/Contents/Developer/Toolchains/XcodeDefault.xctoolchain/usr/lib/swift/iphoneos/prebuilt-modules/26.5/UIKit.swiftmodule/arm64e-apple-ios.swiftmodule /Applications/Xcode.app/Contents/Developer/Toolchains/XcodeDefault.xctoolchain/usr/lib/swift/iphoneos/prebuilt-modules/26.5/_DarwinFoundation1.swiftmodule/arm64e-apple-ios.swiftmodule /Applications/Xcode.app/Contents/Developer/Toolchains/XcodeDefault.xctoolchain/usr/lib/swift/iphoneos/prebuilt-modules/26.5/DeveloperToolsSupport.swiftmodule/arm64e-apple-ios.swiftmodule /Applications/Xcode.app/Contents/Developer/Toolchains/XcodeDefault.xctoolchain/usr/lib/swift/iphoneos/prebuilt-modules/26.5/AuthenticationServices.swiftmodule/arm64e-apple-ios.swiftmodule /Applications/Xcode.app/Contents/Developer/Toolchains/XcodeDefault.xctoolchain/usr/lib/swift/iphoneos/prebuilt-modules/26.5/CoreText.swiftmodule/arm64e-apple-ios.swiftmodule /Applications/Xcode.app/Contents/Developer/Toolchains/XcodeDefault.xctoolchain/usr/lib/swift/iphoneos/prebuilt-modules/26.5/simd.swiftmodule/arm64e-apple-ios.swiftmodule /Applications/Xcode.app/Contents/Developer/Toolchains/XcodeDefault.xctoolchain/usr/lib/swift/iphoneos/prebuilt-modules/26.5/Accessibility.swiftmodule/arm64e-apple-ios.swiftmodule /Applications/Xcode.app/Contents/Developer/Toolchains/XcodeDefault.xctoolchain/usr/lib/swift/iphoneos/prebuilt-modules/26.5/Foundation.swiftmodule/arm64e-apple-ios.swiftmodule /Applications/Xcode.app/Contents/Developer/Toolchains/XcodeDefault.xctoolchain/usr/lib/swift/iphoneos/prebuilt-modules/26.5/Network.swiftmodule/arm64e-apple-ios.swiftmodule /Applications/Xcode.app/Contents/Developer/Toolchains/XcodeDefault.xctoolchain/usr/lib/swift/iphoneos/prebuilt-modules/26.5/CoreData.swiftmodule/arm64e-apple-ios.swiftmodule /Applications/Xcode.app/Contents/Developer/Toolchains/XcodeDefault.xctoolchain/usr/lib/swift/iphoneos/prebuilt-modules/26.5/XPC.swiftmodule/arm64e-apple-ios.swiftmodule /Applications/Xcode.app/Contents/Developer/Toolchains/XcodeDefault.xctoolchain/usr/lib/swift/iphoneos/prebuilt-modules/26.5/Swift.swiftmodule/arm64e-apple-ios.swiftmodule /Applications/Xcode.app/Contents/Developer/Toolchains/XcodeDefault.xctoolchain/usr/lib/swift/iphoneos/prebuilt-modules/26.5/System.swiftmodule/arm64e-apple-ios.swiftmodule /Applications/Xcode.app/Contents/Developer/Toolchains/XcodeDefault.xctoolchain/usr/lib/swift/iphoneos/prebuilt-modules/26.5/Distributed.swiftmodule/arm64e-apple-ios.swiftmodule /Applications/Xcode.app/Contents/Developer/Toolchains/XcodeDefault.xctoolchain/usr/lib/swift/iphoneos/prebuilt-modules/26.5/SwiftUI.swiftmodule/arm64e-apple-ios.swiftmodule /Applications/Xcode.app/Contents/Developer/Toolchains/XcodeDefault.xctoolchain/usr/lib/swift/iphoneos/prebuilt-modules/26.5/WebKit.swiftmodule/arm64e-apple-ios.swiftmodule /Applications/Xcode.app/Contents/Developer/Toolchains/XcodeDefault.xctoolchain/usr/lib/swift/iphoneos/prebuilt-modules/26.5/CryptoKit.swiftmodule/arm64e-apple-ios.swiftmodule /Applications/Xcode.app/Contents/Developer/Toolchains/XcodeDefault.xctoolchain/usr/lib/swift/iphoneos/prebuilt-modules/26.5/_StoreKit_SwiftUI.swiftmodule/arm64e-apple-ios.swiftmodule /Applications/Xcode.app/Contents/Developer/Toolchains/XcodeDefault.xctoolchain/usr/lib/swift/iphoneos/prebuilt-modules/26.5/_DarwinFoundation2.swiftmodule/arm64e-apple-ios.swiftmodule /Applications/Xcode.app/Contents/Developer/Toolchains/XcodeDefault.xctoolchain/usr/lib/swift/iphoneos/prebuilt-modules/26.5/_WebKit_SwiftUI.swiftmodule/arm64e-apple-ios.swiftmodule /Applications/Xcode.app/Contents/Developer/Toolchains/XcodeDefault.xctoolchain/usr/lib/swift/iphoneos/prebuilt-modules/26.5/CoreTransferable.swiftmodule/arm64e-apple-ios.swiftmodule /Applications/Xcode.app/Contents/Developer/Toolchains/XcodeDefault.xctoolchain/usr/lib/swift/iphoneos/prebuilt-modules/26.5/Observation.swiftmodule/arm64e-apple-ios.swiftmodule /Applications/Xcode.app/Contents/Developer/Toolchains/XcodeDefault.xctoolchain/usr/lib/swift/iphoneos/prebuilt-modules/26.5/_Concurrency.swiftmodule/arm64e-apple-ios.swiftmodule /Applications/Xcode.app/Contents/Developer/Toolchains/XcodeDefault.xctoolchain/usr/lib/swift/iphoneos/prebuilt-modules/26.5/Darwin.swiftmodule/arm64e-apple-ios.swiftmodule /Applications/Xcode.app/Contents/Developer/Toolchains/XcodeDefault.xctoolchain/usr/lib/swift/iphoneos/prebuilt-modules/26.5/SafariServices.swiftmodule/arm64e-apple-ios.swiftmodule /Applications/Xcode.app/Contents/Developer/Toolchains/XcodeDefault.xctoolchain/usr/lib/swift/iphoneos/prebuilt-modules/26.5/_StringProcessing.swiftmodule/arm64e-apple-ios.swiftmodule /Users/damiengantt-mcdade/Library/Developer/Xcode/DerivedData/ModuleCache.noindex/CoreFoundation-DNCD011A6W9DACL2JIEYAA3VT.pcm /Users/damiengantt-mcdade/Library/Developer/Xcode/DerivedData/ModuleCache.noindex/dnssd-77MQR5ZSCNPGPFMI4SUZATFZI.pcm /Users/damiengantt-mcdade/Library/Developer/Xcode/DerivedData/ModuleCache.noindex/ExtensionFoundation-BD51NS3YUPL4FX1C72804IAJS.pcm /Users/damiengantt-mcdade/Library/Developer/Xcode/DerivedData/ModuleCache.noindex/SwiftUICore-1SMJUUJHLBI955NZQXKWWKROV.pcm /Users/damiengantt-mcdade/Library/Developer/Xcode/DerivedData/ModuleCache.noindex/DataDetection-AKYML034PZSO64CHZFQWLP5BF.pcm /Users/damiengantt-mcdade/Library/Developer/Xcode/DerivedData/ModuleCache.noindex/Security-5F6WCC12MQUJDXI8DYP4QU3E8.pcm /Users/damiengantt-mcdade/Library/Developer/Xcode/DerivedData/ModuleCache.noindex/_DarwinFoundation2-38X72ZLS2YQ9KHKVA575HTPGY.pcm /Users/damiengantt-mcdade/Library/Developer/Xcode/DerivedData/ModuleCache.noindex/FileProvider-9NFO5QZR6QFN9LY3I2S85XJI2.pcm /Users/damiengantt-mcdade/Library/Developer/Xcode/DerivedData/ModuleCache.noindex/_Builtin_stdbool-B8AO2HWFZ6WDAI362H00XYU3I.pcm /Users/damiengantt-mcdade/Library/Developer/Xcode/DerivedData/ModuleCache.noindex/SwiftShims-488W3HOT6PDJZPRZM7UKSVUK0.pcm /Users/damiengantt-mcdade/Library/Developer/Xcode/DerivedData/ModuleCache.noindex/SafariServices-69I4WWLAP0BDSQ1ZNB6X1WELQ.pcm /Users/damiengantt-mcdade/Library/Developer/Xcode/DerivedData/ModuleCache.noindex/os_workgroup-2SAPQM9AISBQ0LU0I2C2AE0VD.pcm /Users/damiengantt-mcdade/Library/Developer/Xcode/DerivedData/ModuleCache.noindex/_DarwinFoundation1-7QY96IR0DSX5VLYR03HCTB6D1.pcm /Users/damiengantt-mcdade/Library/Developer/Xcode/DerivedData/ModuleCache.noindex/OpenGLES-CAHF10YRDJZJG7Z75DB1XDTVF.pcm /Users/damiengantt-mcdade/Library/Developer/Xcode/DerivedData/ModuleCache.noindex/QuartzCore-9HW0TWAYCM96R1KRXLFATH4LA.pcm /Users/damiengantt-mcdade/Library/Developer/Xcode/DerivedData/ModuleCache.noindex/CFNetwork-4R47OYP53CMYC4JANXUUA422Q.pcm /Users/damiengantt-mcdade/Library/Developer/Xcode/DerivedData/ModuleCache.noindex/DeveloperToolsSupport-9R55BTLM0PPU4F72DI47M0JKK.pcm /Users/damiengantt-mcdade/Library/Developer/Xcode/DerivedData/ModuleCache.noindex/StoreKit-5ZVJMGF9ZM9WQTBDISHQ5UN2Z.pcm /Users/damiengantt-mcdade/Library/Developer/Xcode/DerivedData/ModuleCache.noindex/ptrcheck-8OIXGU8Q2W7T9847Y2IKLJSCA.pcm /Users/damiengantt-mcdade/Library/Developer/Xcode/DerivedData/ModuleCache.noindex/_Builtin_tgmath-1K9N4E6IA8YE88IAB6W72KKBR.pcm /Users/damiengantt-mcdade/Library/Developer/Xcode/DerivedData/ModuleCache.noindex/AuthenticationServices-DLOSKD63QRDY02X5WF13ADGFM.pcm /Users/damiengantt-mcdade/Library/Developer/Xcode/DerivedData/ModuleCache.noindex/IOSurface-E2NQHNYFSRGGZ1BAVC4EUXFYY.pcm /Users/damiengantt-mcdade/Library/Developer/Xcode/DerivedData/ModuleCache.noindex/_Builtin_float-308CJECBWD4963PA4SSVI3RZW.pcm /Users/damiengantt-mcdade/Library/Developer/Xcode/DerivedData/ModuleCache.noindex/UIUtilities-2D5AIAHDI6LYDEO1DJWWZ5XG6.pcm /Users/damiengantt-mcdade/Library/Developer/Xcode/DerivedData/ModuleCache.noindex/os_object-371303QP6ZLLUA9JQPKCB0YXD.pcm /Users/damiengantt-mcdade/Library/Developer/Xcode/DerivedData/ModuleCache.noindex/Spatial-6FCNAV5IVDJ88TI3A6PO6RY9F.pcm /Users/damiengantt-mcdade/Library/Developer/Xcode/DerivedData/ModuleCache.noindex/os-D2960O1HICFI12BKL0EIVT8H3.pcm /Users/damiengantt-mcdade/Library/Developer/Xcode/DerivedData/ModuleCache.noindex/Symbols-8JX0SF5Y3EL6NXE76S1QACSVZ.pcm /Users/damiengantt-mcdade/Library/Developer/Xcode/DerivedData/ModuleCache.noindex/_Builtin_limits-21JUZZKSGA0S3GTBETRXNJRSE.pcm /Users/damiengantt-mcdade/Library/Developer/Xcode/DerivedData/ModuleCache.noindex/_SwiftConcurrencyShims-8CAXEIGHI25B3Y7E249FC2ILN.pcm /Users/damiengantt-mcdade/Library/Developer/Xcode/DerivedData/ModuleCache.noindex/Network-ARCTE5VAD1WJQ2OP1BY3UCSB7.pcm /Users/damiengantt-mcdade/Library/Developer/Xcode/DerivedData/ModuleCache.noindex/CoreTransferable-5R9XBC6539IYZ25IBYXQQFX1S.pcm /Users/damiengantt-mcdade/Library/Developer/Xcode/DerivedData/ModuleCache.noindex/MachO-1OIIAQYF1CO90I3V4LJUTRXN5.pcm /Users/damiengantt-mcdade/Library/Developer/Xcode/DerivedData/ModuleCache.noindex/CoreText-5OACEWPJHQ8QHO22IV7BA96KM.pcm /Users/damiengantt-mcdade/Library/Developer/Xcode/DerivedData/ModuleCache.noindex/_Builtin_stdarg-15II18JQ2GKW2RWE3298O2KXO.pcm /Users/damiengantt-mcdade/Library/Developer/Xcode/DerivedData/ModuleCache.noindex/WebKit-7FQHS85SOZOLZG1GOD2EDB87Z.pcm /Users/damiengantt-mcdade/Library/Developer/Xcode/DerivedData/ModuleCache.noindex/LocalAuthentication-9EVER3MG6C9MKKAO0IDKBBCNH.pcm /Users/damiengantt-mcdade/Library/Developer/Xcode/DerivedData/ModuleCache.noindex/Foundation-9KGRH3MTZ9PIPIYHBCBGF3P57.pcm /Users/damiengantt-mcdade/Library/Developer/Xcode/DerivedData/ModuleCache.noindex/CoreImage-26IX4R2TULVOO16G75ZYFWX2N.pcm /Users/damiengantt-mcdade/Library/Developer/Xcode/DerivedData/ModuleCache.noindex/_Builtin_stdint-B7G71MA350P33FE6UYLOQNSJF.pcm /Users/damiengantt-mcdade/Library/Developer/Xcode/DerivedData/ModuleCache.noindex/UniformTypeIdentifiers-EO1CBW6DLZ0K31OH2IIRF9W72.pcm /Users/damiengantt-mcdade/Library/Developer/Xcode/DerivedData/ModuleCache.noindex/_Builtin_stdatomic-47PKJJK7TJM0YXMCJ3CBO1NDE.pcm /Users/damiengantt-mcdade/Library/Developer/Xcode/DerivedData/ModuleCache.noindex/_Builtin_intrinsics-1HVTFORZR9C4GIVHHLQZ0DDIN.pcm /Users/damiengantt-mcdade/Library/Developer/Xcode/DerivedData/ModuleCache.noindex/ImageIO-2QJU6NR1T1FE1H4B2VYAZDT28.pcm /Users/damiengantt-mcdade/Library/Developer/Xcode/DerivedData/ModuleCache.noindex/OSLog-CWZMA4BKSUMKNQFPY3GVUAL3W.pcm /Users/damiengantt-mcdade/Library/Developer/Xcode/DerivedData/ModuleCache.noindex/CoreGraphics-EJ76A7B2WKZA3HLVBW9KW1MSY.pcm /Users/damiengantt-mcdade/Library/Developer/Xcode/DerivedData/ModuleCache.noindex/Accessibility-7XWAQS1H1DDTDDRCDZPUF7989.pcm /Users/damiengantt-mcdade/Library/Developer/Xcode/DerivedData/ModuleCache.noindex/UIKit-37MV2308PL2ZWQ5ZAKE4N2HN3.pcm /Users/damiengantt-mcdade/Library/Developer/Xcode/DerivedData/ModuleCache.noindex/BackgroundAssets-6HWVNIR8JE6IN5WYXG13M8N37.pcm /Users/damiengantt-mcdade/Library/Developer/Xcode/DerivedData/ModuleCache.noindex/Metal-DGNH5K1TTGJEU05UGAPMFRB8C.pcm /Users/damiengantt-mcdade/Library/Developer/Xcode/DerivedData/ModuleCache.noindex/ObjectiveC-ESNYZQQ7E4PI8A854SFJU73NE.pcm /Users/damiengantt-mcdade/Library/Developer/Xcode/DerivedData/ModuleCache.noindex/sys_types-65I9GRM2CD83S5P0LH70WEJFS.pcm /Users/damiengantt-mcdade/Library/Developer/Xcode/DerivedData/ModuleCache.noindex/Darwin-EU9LTV34RDZ54SOBA71WQKVFZ.pcm /Users/damiengantt-mcdade/Library/Developer/Xcode/DerivedData/ModuleCache.noindex/_Builtin_stddef-A2XCW6RTZMPKNBAZF7VNXZTCT.pcm /Users/damiengantt-mcdade/Library/Developer/Xcode/DerivedData/ModuleCache.noindex/SwiftUI-8FNHWM59LLI4RM5GN86XQ3F1A.pcm /Users/damiengantt-mcdade/Library/Developer/Xcode/DerivedData/ModuleCache.noindex/UserNotifications-BC88X2S7YNLL0UCLKI2F8VLAK.pcm /Users/damiengantt-mcdade/Library/Developer/Xcode/DerivedData/ModuleCache.noindex/ptrauth-679OT4F6C72PROWNCKWQIEBQH.pcm /Users/damiengantt-mcdade/Library/Developer/Xcode/DerivedData/ModuleCache.noindex/CoreVideo-22VEOG66CIENP4MUHX0TIWUU0.pcm /Users/damiengantt-mcdade/Library/Developer/Xcode/DerivedData/ModuleCache.noindex/XPC-7AP82V2IAM39IGXOEJEN87N3R.pcm /Users/damiengantt-mcdade/Library/Developer/Xcode/DerivedData/ModuleCache.noindex/CoreData-73X3QPAKHONUD0XFUBS5QPSNE.pcm /Users/damiengantt-mcdade/Library/Developer/Xcode/DerivedData/ModuleCache.noindex/_DarwinFoundation3-9GGI1VVE8JPXBTPMKIGOFGN17.pcm /Users/damiengantt-mcdade/Library/Developer/Xcode/DerivedData/ModuleCache.noindex/_Builtin_inttypes-841L83M12GDF2W4692WUJC21V.pcm /Users/damiengantt-mcdade/Library/Developer/Xcode/DerivedData/ModuleCache.noindex/Dispatch-YYN7QHL8MXDB8M5S6EKTIXBM.pcm /Users/damiengantt-mcdade/Library/Developer/Xcode/DerivedData/ModuleCache.noindex/simd-8LDP5Q7TZF3ZC0EHA53YGMH64.pcm /Users/damiengantt-mcdade/Library/Developer/Xcode/DerivedData/ModuleCache.noindex/_AvailabilityInternal-40E99FHFE8N0PJMDZDGM3ND8I.pcm /Users/damiengantt-mcdade/Library/Developer/Xcode/DerivedData/ModuleCache.noindex/_StoreKit_SwiftUI-93K6GJMCQ9LYHRAENRNWHLYAA.pcm /Users/damiengantt-mcdade/Library/Developer/Xcode/DerivedData/Codecanic-anxsghmpdceakvagktqalqedacgf/Build/Intermediates.noindex/ArchiveIntermediates/Codecanic/IntermediateBuildFilesPath/Codecanic.build/Release-iphoneos/Codecanic.build/Objects-normal/arm64/Codecanic-dependencies-1.json (in target 'Codecanic' from project 'Codecanic')
CompileSwift normal arm64 (in target 'Codecanic' from project 'Codecanic')
    cd /Users/damiengantt-mcdade/Codecanic/ios/Codecanic
    

SwiftDriver\ Compilation Codecanic normal arm64 com.apple.xcode.tools.swift.compiler (in target 'Codecanic' from project 'Codecanic')
    cd /Users/damiengantt-mcdade/Codecanic/ios/Codecanic
    builtin-Swift-Compilation -- /Applications/Xcode.app/Contents/Developer/Toolchains/XcodeDefault.xctoolchain/usr/bin/swiftc -module-name Codecanic -O -whole-module-optimization @/Users/damiengantt-mcdade/Library/Developer/Xcode/DerivedData/Codecanic-anxsghmpdceakvagktqalqedacgf/Build/Intermediates.noindex/ArchiveIntermediates/Codecanic/IntermediateBuildFilesPath/Codecanic.build/Release-iphoneos/Codecanic.build/Objects-normal/arm64/Codecanic.SwiftFileList -enable-bare-slash-regex -enable-experimental-feature DebugDescriptionMacro -sdk /Applications/Xcode.app/Contents/Developer/Platforms/iPhoneOS.platform/Developer/SDKs/iPhoneOS26.5.sdk -target arm64-apple-ios16.0 -g -module-cache-path /Users/damiengantt-mcdade/Library/Developer/Xcode/DerivedData/ModuleCache.noindex -Xfrontend -serialize-debugging-options -swift-version 5 -I /Users/damiengantt-mcdade/Library/Developer/Xcode/DerivedData/Codecanic-anxsghmpdceakvagktqalqedacgf/Build/Intermediates.noindex/ArchiveIntermediates/Codecanic/BuildProductsPath/Release-iphoneos -F /Users/damiengantt-mcdade/Library/Developer/Xcode/DerivedData/Codecanic-anxsghmpdceakvagktqalqedacgf/Build/Intermediates.noindex/ArchiveIntermediates/Codecanic/BuildProductsPath/Release-iphoneos -emit-localized-strings -emit-localized-strings-path /Users/damiengantt-mcdade/Library/Developer/Xcode/DerivedData/Codecanic-anxsghmpdceakvagktqalqedacgf/Build/Intermediates.noindex/ArchiveIntermediates/Codecanic/IntermediateBuildFilesPath/Codecanic.build/Release-iphoneos/Codecanic.build/Objects-normal/arm64 -c -num-threads 10 -Xcc -ivfsstatcache -Xcc /Users/damiengantt-mcdade/Library/Developer/Xcode/DerivedData/SDKStatCaches.noindex/iphoneos26.5-23F81a-32daed1954a7d5dd0789fcaf2a9bb78b.sdkstatcache -output-file-map /Users/damiengantt-mcdade/Library/Developer/Xcode/DerivedData/Codecanic-anxsghmpdceakvagktqalqedacgf/Build/Intermediates.noindex/ArchiveIntermediates/Codecanic/IntermediateBuildFilesPath/Codecanic.build/Release-iphoneos/Codecanic.build/Objects-normal/arm64/Codecanic-OutputFileMap.json -use-frontend-parseable-output -save-temps -no-color-diagnostics -explicit-module-build -module-cache-path /Users/damiengantt-mcdade/Library/Developer/Xcode/DerivedData/Codecanic-anxsghmpdceakvagktqalqedacgf/Build/Intermediates.noindex/ArchiveIntermediates/Codecanic/IntermediateBuildFilesPath/SwiftExplicitPrecompiledModules -clang-scanner-module-cache-path /Users/damiengantt-mcdade/Library/Developer/Xcode/DerivedData/ModuleCache.noindex -sdk-module-cache-path /Users/damiengantt-mcdade/Library/Developer/Xcode/DerivedData/ModuleCache.noindex -serialize-diagnostics -emit-dependencies -emit-module -emit-module-path /Users/damiengantt-mcdade/Library/Developer/Xcode/DerivedData/Codecanic-anxsghmpdceakvagktqalqedacgf/Build/Intermediates.noindex/ArchiveIntermediates/Codecanic/IntermediateBuildFilesPath/Codecanic.build/Release-iphoneos/Codecanic.build/Objects-normal/arm64/Codecanic.swiftmodule -validate-clang-modules-once -clang-build-session-file /Users/damiengantt-mcdade/Library/Developer/Xcode/DerivedData/ModuleCache.noindex/Session.modulevalidation -Xcc -I/Users/damiengantt-mcdade/Library/Developer/Xcode/DerivedData/Codecanic-anxsghmpdceakvagktqalqedacgf/Build/Intermediates.noindex/ArchiveIntermediates/Codecanic/IntermediateBuildFilesPath/Codecanic.build/Release-iphoneos/Codecanic.build/swift-overrides.hmap -emit-const-values -Xfrontend -const-gather-protocols-file -Xfrontend /Users/damiengantt-mcdade/Library/Developer/Xcode/DerivedData/Codecanic-anxsghmpdceakvagktqalqedacgf/Build/Intermediates.noindex/ArchiveIntermediates/Codecanic/IntermediateBuildFilesPath/Codecanic.build/Release-iphoneos/Codecanic.build/Objects-normal/arm64/Codecanic_const_extract_protocols.json -Xcc -iquote -Xcc /Users/damiengantt-mcdade/Library/Developer/Xcode/DerivedData/Codecanic-anxsghmpdceakvagktqalqedacgf/Build/Intermediates.noindex/ArchiveIntermediates/Codecanic/IntermediateBuildFilesPath/Codecanic.build/Release-iphoneos/Codecanic.build/Codecanic-generated-files.hmap -Xcc -I/Users/damiengantt-mcdade/Library/Developer/Xcode/DerivedData/Codecanic-anxsghmpdceakvagktqalqedacgf/Build/Intermediates.noindex/ArchiveIntermediates/Codecanic/IntermediateBuildFilesPath/Codecanic.build/Release-iphoneos/Codecanic.build/Codecanic-own-target-headers.hmap -Xcc -I/Users/damiengantt-mcdade/Library/Developer/Xcode/DerivedData/Codecanic-anxsghmpdceakvagktqalqedacgf/Build/Intermediates.noindex/ArchiveIntermediates/Codecanic/IntermediateBuildFilesPath/Codecanic.build/Release-iphoneos/Codecanic.build/Codecanic-all-target-headers.hmap -Xcc -iquote -Xcc /Users/damiengantt-mcdade/Library/Developer/Xcode/DerivedData/Codecanic-anxsghmpdceakvagktqalqedacgf/Build/Intermediates.noindex/ArchiveIntermediates/Codecanic/IntermediateBuildFilesPath/Codecanic.build/Release-iphoneos/Codecanic.build/Codecanic-project-headers.hmap -Xcc -I/Users/damiengantt-mcdade/Library/Developer/Xcode/DerivedData/Codecanic-anxsghmpdceakvagktqalqedacgf/Build/Intermediates.noindex/ArchiveIntermediates/Codecanic/BuildProductsPath/Release-iphoneos/include -Xcc -I/Users/damiengantt-mcdade/Library/Developer/Xcode/DerivedData/Codecanic-anxsghmpdceakvagktqalqedacgf/Build/Intermediates.noindex/ArchiveIntermediates/Codecanic/IntermediateBuildFilesPath/Codecanic.build/Release-iphoneos/Codecanic.build/DerivedSources-normal/arm64 -Xcc -I/Users/damiengantt-mcdade/Library/Developer/Xcode/DerivedData/Codecanic-anxsghmpdceakvagktqalqedacgf/Build/Intermediates.noindex/ArchiveIntermediates/Codecanic/IntermediateBuildFilesPath/Codecanic.build/Release-iphoneos/Codecanic.build/DerivedSources/arm64 -Xcc -I/Users/damiengantt-mcdade/Library/Developer/Xcode/DerivedData/Codecanic-anxsghmpdceakvagktqalqedacgf/Build/Intermediates.noindex/ArchiveIntermediates/Codecanic/IntermediateBuildFilesPath/Codecanic.build/Release-iphoneos/Codecanic.build/DerivedSources -emit-objc-header -emit-objc-header-path /Users/damiengantt-mcdade/Library/Developer/Xcode/DerivedData/Codecanic-anxsghmpdceakvagktqalqedacgf/Build/Intermediates.noindex/ArchiveIntermediates/Codecanic/IntermediateBuildFilesPath/Codecanic.build/Release-iphoneos/Codecanic.build/Objects-normal/arm64/Codecanic-Swift.h -working-directory /Users/damiengantt-mcdade/Codecanic/ios/Codecanic -no-emit-module-separately-wmo

LinkAssetCatalog /Users/damiengantt-mcdade/Codecanic/ios/Codecanic/Codecanic/Assets.xcassets (in target 'Codecanic' from project 'Codecanic')
    cd /Users/damiengantt-mcdade/Codecanic/ios/Codecanic
    builtin-linkAssetCatalog --thinned /Users/damiengantt-mcdade/Library/Developer/Xcode/DerivedData/Codecanic-anxsghmpdceakvagktqalqedacgf/Build/Intermediates.noindex/ArchiveIntermediates/Codecanic/IntermediateBuildFilesPath/Codecanic.build/Release-iphoneos/Codecanic.build/assetcatalog_output/thinned --thinned-dependencies /Users/damiengantt-mcdade/Library/Developer/Xcode/DerivedData/Codecanic-anxsghmpdceakvagktqalqedacgf/Build/Intermediates.noindex/ArchiveIntermediates/Codecanic/IntermediateBuildFilesPath/Codecanic.build/Release-iphoneos/Codecanic.build/assetcatalog_dependencies_thinned --thinned-info-plist-content /Users/damiengantt-mcdade/Library/Developer/Xcode/DerivedData/Codecanic-anxsghmpdceakvagktqalqedacgf/Build/Intermediates.noindex/ArchiveIntermediates/Codecanic/IntermediateBuildFilesPath/Codecanic.build/Release-iphoneos/Codecanic.build/assetcatalog_generated_info.plist_thinned --unthinned /Users/damiengantt-mcdade/Library/Developer/Xcode/DerivedData/Codecanic-anxsghmpdceakvagktqalqedacgf/Build/Intermediates.noindex/ArchiveIntermediates/Codecanic/IntermediateBuildFilesPath/Codecanic.build/Release-iphoneos/Codecanic.build/assetcatalog_output/unthinned --unthinned-dependencies /Users/damiengantt-mcdade/Library/Developer/Xcode/DerivedData/Codecanic-anxsghmpdceakvagktqalqedacgf/Build/Intermediates.noindex/ArchiveIntermediates/Codecanic/IntermediateBuildFilesPath/Codecanic.build/Release-iphoneos/Codecanic.build/assetcatalog_dependencies_unthinned --unthinned-info-plist-content /Users/damiengantt-mcdade/Library/Developer/Xcode/DerivedData/Codecanic-anxsghmpdceakvagktqalqedacgf/Build/Intermediates.noindex/ArchiveIntermediates/Codecanic/IntermediateBuildFilesPath/Codecanic.build/Release-iphoneos/Codecanic.build/assetcatalog_generated_info.plist_unthinned --output /Users/damiengantt-mcdade/Library/Developer/Xcode/DerivedData/Codecanic-anxsghmpdceakvagktqalqedacgf/Build/Intermediates.noindex/ArchiveIntermediates/Codecanic/InstallationBuildProductsLocation/Applications/Codecanic.app --plist-output /Users/damiengantt-mcdade/Library/Developer/Xcode/DerivedData/Codecanic-anxsghmpdceakvagktqalqedacgf/Build/Intermediates.noindex/ArchiveIntermediates/Codecanic/IntermediateBuildFilesPath/Codecanic.build/Release-iphoneos/Codecanic.build/assetcatalog_generated_info.plist
note: Emplaced /Users/damiengantt-mcdade/Library/Developer/Xcode/DerivedData/Codecanic-anxsghmpdceakvagktqalqedacgf/Build/Intermediates.noindex/ArchiveIntermediates/Codecanic/InstallationBuildProductsLocation/Applications/Codecanic.app/AppIcon60x60@2x.png (in target 'Codecanic' from project 'Codecanic')
note: Emplaced /Users/damiengantt-mcdade/Library/Developer/Xcode/DerivedData/Codecanic-anxsghmpdceakvagktqalqedacgf/Build/Intermediates.noindex/ArchiveIntermediates/Codecanic/InstallationBuildProductsLocation/Applications/Codecanic.app/AppIcon76x76@2x~ipad.png (in target 'Codecanic' from project 'Codecanic')
note: Emplaced /Users/damiengantt-mcdade/Library/Developer/Xcode/DerivedData/Codecanic-anxsghmpdceakvagktqalqedacgf/Build/Intermediates.noindex/ArchiveIntermediates/Codecanic/InstallationBuildProductsLocation/Applications/Codecanic.app/Assets.car (in target 'Codecanic' from project 'Codecanic')

ProcessInfoPlistFile /Users/damiengantt-mcdade/Library/Developer/Xcode/DerivedData/Codecanic-anxsghmpdceakvagktqalqedacgf/Build/Intermediates.noindex/ArchiveIntermediates/Codecanic/InstallationBuildProductsLocation/Applications/Codecanic.app/Info.plist /Users/damiengantt-mcdade/Codecanic/ios/Codecanic/Codecanic/Info.plist (in target 'Codecanic' from project 'Codecanic')
    cd /Users/damiengantt-mcdade/Codecanic/ios/Codecanic
    builtin-infoPlistUtility /Users/damiengantt-mcdade/Codecanic/ios/Codecanic/Codecanic/Info.plist -producttype com.apple.product-type.application -genpkginfo /Users/damiengantt-mcdade/Library/Developer/Xcode/DerivedData/Codecanic-anxsghmpdceakvagktqalqedacgf/Build/Intermediates.noindex/ArchiveIntermediates/Codecanic/InstallationBuildProductsLocation/Applications/Codecanic.app/PkgInfo -expandbuildsettings -format binary -platform iphoneos -additionalcontentfile /Users/damiengantt-mcdade/Library/Developer/Xcode/DerivedData/Codecanic-anxsghmpdceakvagktqalqedacgf/Build/Intermediates.noindex/ArchiveIntermediates/Codecanic/IntermediateBuildFilesPath/Codecanic.build/Release-iphoneos/Codecanic.build/assetcatalog_generated_info.plist -requiredArchitecture arm64 -o /Users/damiengantt-mcdade/Library/Developer/Xcode/DerivedData/Codecanic-anxsghmpdceakvagktqalqedacgf/Build/Intermediates.noindex/ArchiveIntermediates/Codecanic/InstallationBuildProductsLocation/Applications/Codecanic.app/Info.plist

SwiftDriverJobDiscovery normal arm64 Compiling CodecanicApp.swift, ContentView.swift, GeneratedAssetSymbols.swift (in target 'Codecanic' from project 'Codecanic')

SwiftDriver\ Compilation\ Requirements Codecanic normal arm64 com.apple.xcode.tools.swift.compiler (in target 'Codecanic' from project 'Codecanic')
    cd /Users/damiengantt-mcdade/Codecanic/ios/Codecanic
    builtin-Swift-Compilation-Requirements -- /Applications/Xcode.app/Contents/Developer/Toolchains/XcodeDefault.xctoolchain/usr/bin/swiftc -module-name Codecanic -O -whole-module-optimization @/Users/damiengantt-mcdade/Library/Developer/Xcode/DerivedData/Codecanic-anxsghmpdceakvagktqalqedacgf/Build/Intermediates.noindex/ArchiveIntermediates/Codecanic/IntermediateBuildFilesPath/Codecanic.build/Release-iphoneos/Codecanic.build/Objects-normal/arm64/Codecanic.SwiftFileList -enable-bare-slash-regex -enable-experimental-feature DebugDescriptionMacro -sdk /Applications/Xcode.app/Contents/Developer/Platforms/iPhoneOS.platform/Developer/SDKs/iPhoneOS26.5.sdk -target arm64-apple-ios16.0 -g -module-cache-path /Users/damiengantt-mcdade/Library/Developer/Xcode/DerivedData/ModuleCache.noindex -Xfrontend -serialize-debugging-options -swift-version 5 -I /Users/damiengantt-mcdade/Library/Developer/Xcode/DerivedData/Codecanic-anxsghmpdceakvagktqalqedacgf/Build/Intermediates.noindex/ArchiveIntermediates/Codecanic/BuildProductsPath/Release-iphoneos -F /Users/damiengantt-mcdade/Library/Developer/Xcode/DerivedData/Codecanic-anxsghmpdceakvagktqalqedacgf/Build/Intermediates.noindex/ArchiveIntermediates/Codecanic/BuildProductsPath/Release-iphoneos -emit-localized-strings -emit-localized-strings-path /Users/damiengantt-mcdade/Library/Developer/Xcode/DerivedData/Codecanic-anxsghmpdceakvagktqalqedacgf/Build/Intermediates.noindex/ArchiveIntermediates/Codecanic/IntermediateBuildFilesPath/Codecanic.build/Release-iphoneos/Codecanic.build/Objects-normal/arm64 -c -num-threads 10 -Xcc -ivfsstatcache -Xcc /Users/damiengantt-mcdade/Library/Developer/Xcode/DerivedData/SDKStatCaches.noindex/iphoneos26.5-23F81a-32daed1954a7d5dd0789fcaf2a9bb78b.sdkstatcache -output-file-map /Users/damiengantt-mcdade/Library/Developer/Xcode/DerivedData/Codecanic-anxsghmpdceakvagktqalqedacgf/Build/Intermediates.noindex/ArchiveIntermediates/Codecanic/IntermediateBuildFilesPath/Codecanic.build/Release-iphoneos/Codecanic.build/Objects-normal/arm64/Codecanic-OutputFileMap.json -use-frontend-parseable-output -save-temps -no-color-diagnostics -explicit-module-build -module-cache-path /Users/damiengantt-mcdade/Library/Developer/Xcode/DerivedData/Codecanic-anxsghmpdceakvagktqalqedacgf/Build/Intermediates.noindex/ArchiveIntermediates/Codecanic/IntermediateBuildFilesPath/SwiftExplicitPrecompiledModules -clang-scanner-module-cache-path /Users/damiengantt-mcdade/Library/Developer/Xcode/DerivedData/ModuleCache.noindex -sdk-module-cache-path /Users/damiengantt-mcdade/Library/Developer/Xcode/DerivedData/ModuleCache.noindex -serialize-diagnostics -emit-dependencies -emit-module -emit-module-path /Users/damiengantt-mcdade/Library/Developer/Xcode/DerivedData/Codecanic-anxsghmpdceakvagktqalqedacgf/Build/Intermediates.noindex/ArchiveIntermediates/Codecanic/IntermediateBuildFilesPath/Codecanic.build/Release-iphoneos/Codecanic.build/Objects-normal/arm64/Codecanic.swiftmodule -validate-clang-modules-once -clang-build-session-file /Users/damiengantt-mcdade/Library/Developer/Xcode/DerivedData/ModuleCache.noindex/Session.modulevalidation -Xcc -I/Users/damiengantt-mcdade/Library/Developer/Xcode/DerivedData/Codecanic-anxsghmpdceakvagktqalqedacgf/Build/Intermediates.noindex/ArchiveIntermediates/Codecanic/IntermediateBuildFilesPath/Codecanic.build/Release-iphoneos/Codecanic.build/swift-overrides.hmap -emit-const-values -Xfrontend -const-gather-protocols-file -Xfrontend /Users/damiengantt-mcdade/Library/Developer/Xcode/DerivedData/Codecanic-anxsghmpdceakvagktqalqedacgf/Build/Intermediates.noindex/ArchiveIntermediates/Codecanic/IntermediateBuildFilesPath/Codecanic.build/Release-iphoneos/Codecanic.build/Objects-normal/arm64/Codecanic_const_extract_protocols.json -Xcc -iquote -Xcc /Users/damiengantt-mcdade/Library/Developer/Xcode/DerivedData/Codecanic-anxsghmpdceakvagktqalqedacgf/Build/Intermediates.noindex/ArchiveIntermediates/Codecanic/IntermediateBuildFilesPath/Codecanic.build/Release-iphoneos/Codecanic.build/Codecanic-generated-files.hmap -Xcc -I/Users/damiengantt-mcdade/Library/Developer/Xcode/DerivedData/Codecanic-anxsghmpdceakvagktqalqedacgf/Build/Intermediates.noindex/ArchiveIntermediates/Codecanic/IntermediateBuildFilesPath/Codecanic.build/Release-iphoneos/Codecanic.build/Codecanic-own-target-headers.hmap -Xcc -I/Users/damiengantt-mcdade/Library/Developer/Xcode/DerivedData/Codecanic-anxsghmpdceakvagktqalqedacgf/Build/Intermediates.noindex/ArchiveIntermediates/Codecanic/IntermediateBuildFilesPath/Codecanic.build/Release-iphoneos/Codecanic.build/Codecanic-all-target-headers.hmap -Xcc -iquote -Xcc /Users/damiengantt-mcdade/Library/Developer/Xcode/DerivedData/Codecanic-anxsghmpdceakvagktqalqedacgf/Build/Intermediates.noindex/ArchiveIntermediates/Codecanic/IntermediateBuildFilesPath/Codecanic.build/Release-iphoneos/Codecanic.build/Codecanic-project-headers.hmap -Xcc -I/Users/damiengantt-mcdade/Library/Developer/Xcode/DerivedData/Codecanic-anxsghmpdceakvagktqalqedacgf/Build/Intermediates.noindex/ArchiveIntermediates/Codecanic/BuildProductsPath/Release-iphoneos/include -Xcc -I/Users/damiengantt-mcdade/Library/Developer/Xcode/DerivedData/Codecanic-anxsghmpdceakvagktqalqedacgf/Build/Intermediates.noindex/ArchiveIntermediates/Codecanic/IntermediateBuildFilesPath/Codecanic.build/Release-iphoneos/Codecanic.build/DerivedSources-normal/arm64 -Xcc -I/Users/damiengantt-mcdade/Library/Developer/Xcode/DerivedData/Codecanic-anxsghmpdceakvagktqalqedacgf/Build/Intermediates.noindex/ArchiveIntermediates/Codecanic/IntermediateBuildFilesPath/Codecanic.build/Release-iphoneos/Codecanic.build/DerivedSources/arm64 -Xcc -I/Users/damiengantt-mcdade/Library/Developer/Xcode/DerivedData/Codecanic-anxsghmpdceakvagktqalqedacgf/Build/Intermediates.noindex/ArchiveIntermediates/Codecanic/IntermediateBuildFilesPath/Codecanic.build/Release-iphoneos/Codecanic.build/DerivedSources -emit-objc-header -emit-objc-header-path /Users/damiengantt-mcdade/Library/Developer/Xcode/DerivedData/Codecanic-anxsghmpdceakvagktqalqedacgf/Build/Intermediates.noindex/ArchiveIntermediates/Codecanic/IntermediateBuildFilesPath/Codecanic.build/Release-iphoneos/Codecanic.build/Objects-normal/arm64/Codecanic-Swift.h -working-directory /Users/damiengantt-mcdade/Codecanic/ios/Codecanic -no-emit-module-separately-wmo

SwiftMergeGeneratedHeaders /Users/damiengantt-mcdade/Library/Developer/Xcode/DerivedData/Codecanic-anxsghmpdceakvagktqalqedacgf/Build/Intermediates.noindex/ArchiveIntermediates/Codecanic/IntermediateBuildFilesPath/Codecanic.build/Release-iphoneos/Codecanic.build/DerivedSources/Codecanic-Swift.h /Users/damiengantt-mcdade/Library/Developer/Xcode/DerivedData/Codecanic-anxsghmpdceakvagktqalqedacgf/Build/Intermediates.noindex/ArchiveIntermediates/Codecanic/IntermediateBuildFilesPath/Codecanic.build/Release-iphoneos/Codecanic.build/Objects-normal/arm64/Codecanic-Swift.h (in target 'Codecanic' from project 'Codecanic')
    cd /Users/damiengantt-mcdade/Codecanic/ios/Codecanic
    builtin-swiftHeaderTool -arch arm64 /Users/damiengantt-mcdade/Library/Developer/Xcode/DerivedData/Codecanic-anxsghmpdceakvagktqalqedacgf/Build/Intermediates.noindex/ArchiveIntermediates/Codecanic/IntermediateBuildFilesPath/Codecanic.build/Release-iphoneos/Codecanic.build/Objects-normal/arm64/Codecanic-Swift.h -o /Users/damiengantt-mcdade/Library/Developer/Xcode/DerivedData/Codecanic-anxsghmpdceakvagktqalqedacgf/Build/Intermediates.noindex/ArchiveIntermediates/Codecanic/IntermediateBuildFilesPath/Codecanic.build/Release-iphoneos/Codecanic.build/DerivedSources/Codecanic-Swift.h

Copy /Users/damiengantt-mcdade/Library/Developer/Xcode/DerivedData/Codecanic-anxsghmpdceakvagktqalqedacgf/Build/Intermediates.noindex/ArchiveIntermediates/Codecanic/BuildProductsPath/Release-iphoneos/Codecanic.swiftmodule/arm64-apple-ios.abi.json /Users/damiengantt-mcdade/Library/Developer/Xcode/DerivedData/Codecanic-anxsghmpdceakvagktqalqedacgf/Build/Intermediates.noindex/ArchiveIntermediates/Codecanic/IntermediateBuildFilesPath/Codecanic.build/Release-iphoneos/Codecanic.build/Objects-normal/arm64/Codecanic.abi.json (in target 'Codecanic' from project 'Codecanic')
    cd /Users/damiengantt-mcdade/Codecanic/ios/Codecanic
    builtin-copy -exclude .DS_Store -exclude CVS -exclude .svn -exclude .git -exclude .hg -resolve-src-symlinks -rename /Users/damiengantt-mcdade/Library/Developer/Xcode/DerivedData/Codecanic-anxsghmpdceakvagktqalqedacgf/Build/Intermediates.noindex/ArchiveIntermediates/Codecanic/IntermediateBuildFilesPath/Codecanic.build/Release-iphoneos/Codecanic.build/Objects-normal/arm64/Codecanic.abi.json /Users/damiengantt-mcdade/Library/Developer/Xcode/DerivedData/Codecanic-anxsghmpdceakvagktqalqedacgf/Build/Intermediates.noindex/ArchiveIntermediates/Codecanic/BuildProductsPath/Release-iphoneos/Codecanic.swiftmodule/arm64-apple-ios.abi.json

Copy /Users/damiengantt-mcdade/Library/Developer/Xcode/DerivedData/Codecanic-anxsghmpdceakvagktqalqedacgf/Build/Intermediates.noindex/ArchiveIntermediates/Codecanic/BuildProductsPath/Release-iphoneos/Codecanic.swiftmodule/arm64-apple-ios.swiftmodule /Users/damiengantt-mcdade/Library/Developer/Xcode/DerivedData/Codecanic-anxsghmpdceakvagktqalqedacgf/Build/Intermediates.noindex/ArchiveIntermediates/Codecanic/IntermediateBuildFilesPath/Codecanic.build/Release-iphoneos/Codecanic.build/Objects-normal/arm64/Codecanic.swiftmodule (in target 'Codecanic' from project 'Codecanic')
    cd /Users/damiengantt-mcdade/Codecanic/ios/Codecanic
    builtin-copy -exclude .DS_Store -exclude CVS -exclude .svn -exclude .git -exclude .hg -resolve-src-symlinks -rename /Users/damiengantt-mcdade/Library/Developer/Xcode/DerivedData/Codecanic-anxsghmpdceakvagktqalqedacgf/Build/Intermediates.noindex/ArchiveIntermediates/Codecanic/IntermediateBuildFilesPath/Codecanic.build/Release-iphoneos/Codecanic.build/Objects-normal/arm64/Codecanic.swiftmodule /Users/damiengantt-mcdade/Library/Developer/Xcode/DerivedData/Codecanic-anxsghmpdceakvagktqalqedacgf/Build/Intermediates.noindex/ArchiveIntermediates/Codecanic/BuildProductsPath/Release-iphoneos/Codecanic.swiftmodule/arm64-apple-ios.swiftmodule

Copy /Users/damiengantt-mcdade/Library/Developer/Xcode/DerivedData/Codecanic-anxsghmpdceakvagktqalqedacgf/Build/Intermediates.noindex/ArchiveIntermediates/Codecanic/BuildProductsPath/Release-iphoneos/Codecanic.swiftmodule/arm64-apple-ios.swiftdoc /Users/damiengantt-mcdade/Library/Developer/Xcode/DerivedData/Codecanic-anxsghmpdceakvagktqalqedacgf/Build/Intermediates.noindex/ArchiveIntermediates/Codecanic/IntermediateBuildFilesPath/Codecanic.build/Release-iphoneos/Codecanic.build/Objects-normal/arm64/Codecanic.swiftdoc (in target 'Codecanic' from project 'Codecanic')
    cd /Users/damiengantt-mcdade/Codecanic/ios/Codecanic
    builtin-copy -exclude .DS_Store -exclude CVS -exclude .svn -exclude .git -exclude .hg -resolve-src-symlinks -rename /Users/damiengantt-mcdade/Library/Developer/Xcode/DerivedData/Codecanic-anxsghmpdceakvagktqalqedacgf/Build/Intermediates.noindex/ArchiveIntermediates/Codecanic/IntermediateBuildFilesPath/Codecanic.build/Release-iphoneos/Codecanic.build/Objects-normal/arm64/Codecanic.swiftdoc /Users/damiengantt-mcdade/Library/Developer/Xcode/DerivedData/Codecanic-anxsghmpdceakvagktqalqedacgf/Build/Intermediates.noindex/ArchiveIntermediates/Codecanic/BuildProductsPath/Release-iphoneos/Codecanic.swiftmodule/arm64-apple-ios.swiftdoc

Ld /Users/damiengantt-mcdade/Library/Developer/Xcode/DerivedData/Codecanic-anxsghmpdceakvagktqalqedacgf/Build/Intermediates.noindex/ArchiveIntermediates/Codecanic/InstallationBuildProductsLocation/Applications/Codecanic.app/Codecanic normal (in target 'Codecanic' from project 'Codecanic')
    cd /Users/damiengantt-mcdade/Codecanic/ios/Codecanic
    /Applications/Xcode.app/Contents/Developer/Toolchains/XcodeDefault.xctoolchain/usr/bin/clang -Xlinker -reproducible -target arm64-apple-ios16.0 -isysroot /Applications/Xcode.app/Contents/Developer/Platforms/iPhoneOS.platform/Developer/SDKs/iPhoneOS26.5.sdk -Os -L/Users/damiengantt-mcdade/Library/Developer/Xcode/DerivedData/Codecanic-anxsghmpdceakvagktqalqedacgf/Build/Intermediates.noindex/ArchiveIntermediates/Codecanic/IntermediateBuildFilesPath/EagerLinkingTBDs/Release-iphoneos -L/Users/damiengantt-mcdade/Library/Developer/Xcode/DerivedData/Codecanic-anxsghmpdceakvagktqalqedacgf/Build/Intermediates.noindex/ArchiveIntermediates/Codecanic/BuildProductsPath/Release-iphoneos -F/Users/damiengantt-mcdade/Library/Developer/Xcode/DerivedData/Codecanic-anxsghmpdceakvagktqalqedacgf/Build/Intermediates.noindex/ArchiveIntermediates/Codecanic/IntermediateBuildFilesPath/EagerLinkingTBDs/Release-iphoneos -F/Users/damiengantt-mcdade/Library/Developer/Xcode/DerivedData/Codecanic-anxsghmpdceakvagktqalqedacgf/Build/Intermediates.noindex/ArchiveIntermediates/Codecanic/BuildProductsPath/Release-iphoneos -filelist /Users/damiengantt-mcdade/Library/Developer/Xcode/DerivedData/Codecanic-anxsghmpdceakvagktqalqedacgf/Build/Intermediates.noindex/ArchiveIntermediates/Codecanic/IntermediateBuildFilesPath/Codecanic.build/Release-iphoneos/Codecanic.build/Objects-normal/arm64/Codecanic.LinkFileList -Xlinker -rpath -Xlinker /usr/lib/swift -Xlinker -rpath -Xlinker @executable_path/Frameworks -Xlinker -dead_strip -Xlinker -object_path_lto -Xlinker /Users/damiengantt-mcdade/Library/Developer/Xcode/DerivedData/Codecanic-anxsghmpdceakvagktqalqedacgf/Build/Intermediates.noindex/ArchiveIntermediates/Codecanic/IntermediateBuildFilesPath/Codecanic.build/Release-iphoneos/Codecanic.build/Objects-normal/arm64/Codecanic_lto.o -Xlinker -final_output -Xlinker /Applications/Codecanic.app/Codecanic -Xlinker -dependency_info -Xlinker /Users/damiengantt-mcdade/Library/Developer/Xcode/DerivedData/Codecanic-anxsghmpdceakvagktqalqedacgf/Build/Intermediates.noindex/ArchiveIntermediates/Codecanic/IntermediateBuildFilesPath/Codecanic.build/Release-iphoneos/Codecanic.build/Objects-normal/arm64/Codecanic_dependency_info.dat -fobjc-link-runtime -L/Applications/Xcode.app/Contents/Developer/Toolchains/XcodeDefault.xctoolchain/usr/lib/swift/iphoneos -L/usr/lib/swift -Xlinker -add_ast_path -Xlinker /Users/damiengantt-mcdade/Library/Developer/Xcode/DerivedData/Codecanic-anxsghmpdceakvagktqalqedacgf/Build/Intermediates.noindex/ArchiveIntermediates/Codecanic/IntermediateBuildFilesPath/Codecanic.build/Release-iphoneos/Codecanic.build/Objects-normal/arm64/Codecanic.swiftmodule @/Users/damiengantt-mcdade/Library/Developer/Xcode/DerivedData/Codecanic-anxsghmpdceakvagktqalqedacgf/Build/Intermediates.noindex/ArchiveIntermediates/Codecanic/IntermediateBuildFilesPath/Codecanic.build/Release-iphoneos/Codecanic.build/Objects-normal/arm64/Codecanic-linker-args.resp -Xlinker -no_adhoc_codesign -o /Users/damiengantt-mcdade/Library/Developer/Xcode/DerivedData/Codecanic-anxsghmpdceakvagktqalqedacgf/Build/Intermediates.noindex/ArchiveIntermediates/Codecanic/InstallationBuildProductsLocation/Applications/Codecanic.app/Codecanic

CopySwiftLibs /Users/damiengantt-mcdade/Library/Developer/Xcode/DerivedData/Codecanic-anxsghmpdceakvagktqalqedacgf/Build/Intermediates.noindex/ArchiveIntermediates/Codecanic/InstallationBuildProductsLocation/Applications/Codecanic.app (in target 'Codecanic' from project 'Codecanic')
    cd /Users/damiengantt-mcdade/Codecanic/ios/Codecanic
    builtin-swiftStdLibTool --copy --verbose --sign 8C39A3EFD605531433E93DD0098CDAFE84F6C0E2 --scan-executable /Users/damiengantt-mcdade/Library/Developer/Xcode/DerivedData/Codecanic-anxsghmpdceakvagktqalqedacgf/Build/Intermediates.noindex/ArchiveIntermediates/Codecanic/InstallationBuildProductsLocation/Applications/Codecanic.app/Codecanic --scan-folder /Users/damiengantt-mcdade/Library/Developer/Xcode/DerivedData/Codecanic-anxsghmpdceakvagktqalqedacgf/Build/Intermediates.noindex/ArchiveIntermediates/Codecanic/InstallationBuildProductsLocation/Applications/Codecanic.app/Frameworks --scan-folder /Users/damiengantt-mcdade/Library/Developer/Xcode/DerivedData/Codecanic-anxsghmpdceakvagktqalqedacgf/Build/Intermediates.noindex/ArchiveIntermediates/Codecanic/InstallationBuildProductsLocation/Applications/Codecanic.app/PlugIns --scan-folder /Users/damiengantt-mcdade/Library/Developer/Xcode/DerivedData/Codecanic-anxsghmpdceakvagktqalqedacgf/Build/Intermediates.noindex/ArchiveIntermediates/Codecanic/InstallationBuildProductsLocation/Applications/Codecanic.app/SystemExtensions --scan-folder /Users/damiengantt-mcdade/Library/Developer/Xcode/DerivedData/Codecanic-anxsghmpdceakvagktqalqedacgf/Build/Intermediates.noindex/ArchiveIntermediates/Codecanic/InstallationBuildProductsLocation/Applications/Codecanic.app/Extensions --platform iphoneos --toolchain /Applications/Xcode.app/Contents/Developer/Toolchains/XcodeDefault.xctoolchain --destination /Users/damiengantt-mcdade/Library/Developer/Xcode/DerivedData/Codecanic-anxsghmpdceakvagktqalqedacgf/Build/Intermediates.noindex/ArchiveIntermediates/Codecanic/InstallationBuildProductsLocation/Applications/Codecanic.app/Frameworks --unsigned-destination /Users/damiengantt-mcdade/Library/Developer/Xcode/DerivedData/Codecanic-anxsghmpdceakvagktqalqedacgf/Build/Intermediates.noindex/ArchiveIntermediates/Codecanic/BuildProductsPath/SwiftSupport --strip-bitcode --strip-bitcode-tool /Applications/Xcode.app/Contents/Developer/Toolchains/XcodeDefault.xctoolchain/usr/bin/bitcode_strip --emit-dependency-info /Users/damiengantt-mcdade/Library/Developer/Xcode/DerivedData/Codecanic-anxsghmpdceakvagktqalqedacgf/Build/Intermediates.noindex/ArchiveIntermediates/Codecanic/IntermediateBuildFilesPath/Codecanic.build/Release-iphoneos/Codecanic.build/SwiftStdLibToolInputDependencies.dep --filter-for-swift-os --back-deploy-swift-span

ExtractAppIntentsMetadata (in target 'Codecanic' from project 'Codecanic')
    cd /Users/damiengantt-mcdade/Codecanic/ios/Codecanic
    /Applications/Xcode.app/Contents/Developer/Toolchains/XcodeDefault.xctoolchain/usr/bin/appintentsmetadataprocessor --toolchain-dir /Applications/Xcode.app/Contents/Developer/Toolchains/XcodeDefault.xctoolchain --module-name Codecanic --sdk-root /Applications/Xcode.app/Contents/Developer/Platforms/iPhoneOS.platform/Developer/SDKs/iPhoneOS26.5.sdk --xcode-version 17F113 --platform-family iOS --deployment-target 16.0 --bundle-identifier app.codecanic --output /Users/damiengantt-mcdade/Library/Developer/Xcode/DerivedData/Codecanic-anxsghmpdceakvagktqalqedacgf/Build/Intermediates.noindex/ArchiveIntermediates/Codecanic/InstallationBuildProductsLocation/Applications/Codecanic.app --target-triple arm64-apple-ios16.0 --binary-file /Users/damiengantt-mcdade/Library/Developer/Xcode/DerivedData/Codecanic-anxsghmpdceakvagktqalqedacgf/Build/Intermediates.noindex/ArchiveIntermediates/Codecanic/InstallationBuildProductsLocation/Applications/Codecanic.app/Codecanic --dependency-file /Users/damiengantt-mcdade/Library/Developer/Xcode/DerivedData/Codecanic-anxsghmpdceakvagktqalqedacgf/Build/Intermediates.noindex/ArchiveIntermediates/Codecanic/IntermediateBuildFilesPath/Codecanic.build/Release-iphoneos/Codecanic.build/Objects-normal/arm64/Codecanic_dependency_info.dat --stringsdata-file /Users/damiengantt-mcdade/Library/Developer/Xcode/DerivedData/Codecanic-anxsghmpdceakvagktqalqedacgf/Build/Intermediates.noindex/ArchiveIntermediates/Codecanic/IntermediateBuildFilesPath/Codecanic.build/Release-iphoneos/Codecanic.build/Objects-normal/arm64/ExtractedAppShortcutsMetadata.stringsdata --source-file-list /Users/damiengantt-mcdade/Library/Developer/Xcode/DerivedData/Codecanic-anxsghmpdceakvagktqalqedacgf/Build/Intermediates.noindex/ArchiveIntermediates/Codecanic/IntermediateBuildFilesPath/Codecanic.build/Release-iphoneos/Codecanic.build/Objects-normal/arm64/Codecanic.SwiftFileList --metadata-file-list /Users/damiengantt-mcdade/Library/Developer/Xcode/DerivedData/Codecanic-anxsghmpdceakvagktqalqedacgf/Build/Intermediates.noindex/ArchiveIntermediates/Codecanic/IntermediateBuildFilesPath/Codecanic.build/Release-iphoneos/Codecanic.build/Codecanic.DependencyMetadataFileList --static-metadata-file-list /Users/damiengantt-mcdade/Library/Developer/Xcode/DerivedData/Codecanic-anxsghmpdceakvagktqalqedacgf/Build/Intermediates.noindex/ArchiveIntermediates/Codecanic/IntermediateBuildFilesPath/Codecanic.build/Release-iphoneos/Codecanic.build/Codecanic.DependencyStaticMetadataFileList --swift-const-vals-list /Users/damiengantt-mcdade/Library/Developer/Xcode/DerivedData/Codecanic-anxsghmpdceakvagktqalqedacgf/Build/Intermediates.noindex/ArchiveIntermediates/Codecanic/IntermediateBuildFilesPath/Codecanic.build/Release-iphoneos/Codecanic.build/Objects-normal/arm64/Codecanic.SwiftConstValuesFileList --compile-time-extraction --deployment-aware-processing --validate-assistant-intents --no-app-shortcuts-localization
2026-07-02 08:30:26.709 appintentsmetadataprocessor[3338:3564232] Starting appintentsmetadataprocessor export
2026-07-02 08:30:26.710 appintentsmetadataprocessor[3338:3564232] warning: Metadata extraction skipped. No AppIntents.framework dependency found.

GenerateDSYMFile /Users/damiengantt-mcdade/Library/Developer/Xcode/DerivedData/Codecanic-anxsghmpdceakvagktqalqedacgf/Build/Intermediates.noindex/ArchiveIntermediates/Codecanic/BuildProductsPath/Release-iphoneos/Codecanic.app.dSYM /Users/damiengantt-mcdade/Library/Developer/Xcode/DerivedData/Codecanic-anxsghmpdceakvagktqalqedacgf/Build/Intermediates.noindex/ArchiveIntermediates/Codecanic/InstallationBuildProductsLocation/Applications/Codecanic.app/Codecanic (in target 'Codecanic' from project 'Codecanic')
    cd /Users/damiengantt-mcdade/Codecanic/ios/Codecanic
    /Applications/Xcode.app/Contents/Developer/Toolchains/XcodeDefault.xctoolchain/usr/bin/dsymutil /Users/damiengantt-mcdade/Library/Developer/Xcode/DerivedData/Codecanic-anxsghmpdceakvagktqalqedacgf/Build/Intermediates.noindex/ArchiveIntermediates/Codecanic/InstallationBuildProductsLocation/Applications/Codecanic.app/Codecanic -o /Users/damiengantt-mcdade/Library/Developer/Xcode/DerivedData/Codecanic-anxsghmpdceakvagktqalqedacgf/Build/Intermediates.noindex/ArchiveIntermediates/Codecanic/BuildProductsPath/Release-iphoneos/Codecanic.app.dSYM

AppIntentsSSUTraining (in target 'Codecanic' from project 'Codecanic')
    cd /Users/damiengantt-mcdade/Codecanic/ios/Codecanic
    /Applications/Xcode.app/Contents/Developer/Toolchains/XcodeDefault.xctoolchain/usr/bin/appintentsnltrainingprocessor --infoplist-path /Users/damiengantt-mcdade/Library/Developer/Xcode/DerivedData/Codecanic-anxsghmpdceakvagktqalqedacgf/Build/Intermediates.noindex/ArchiveIntermediates/Codecanic/InstallationBuildProductsLocation/Applications/Codecanic.app/Info.plist --temp-dir-path /Users/damiengantt-mcdade/Library/Developer/Xcode/DerivedData/Codecanic-anxsghmpdceakvagktqalqedacgf/Build/Intermediates.noindex/ArchiveIntermediates/Codecanic/IntermediateBuildFilesPath/Codecanic.build/Release-iphoneos/Codecanic.build/ssu --bundle-id app.codecanic --product-path /Users/damiengantt-mcdade/Library/Developer/Xcode/DerivedData/Codecanic-anxsghmpdceakvagktqalqedacgf/Build/Intermediates.noindex/ArchiveIntermediates/Codecanic/InstallationBuildProductsLocation/Applications/Codecanic.app --extracted-metadata-path /Users/damiengantt-mcdade/Library/Developer/Xcode/DerivedData/Codecanic-anxsghmpdceakvagktqalqedacgf/Build/Intermediates.noindex/ArchiveIntermediates/Codecanic/InstallationBuildProductsLocation/Applications/Codecanic.app/Metadata.appintents --deployment-postprocessing --metadata-file-list /Users/damiengantt-mcdade/Library/Developer/Xcode/DerivedData/Codecanic-anxsghmpdceakvagktqalqedacgf/Build/Intermediates.noindex/ArchiveIntermediates/Codecanic/IntermediateBuildFilesPath/Codecanic.build/Release-iphoneos/Codecanic.build/Codecanic.DependencyMetadataFileList --source-file /Users/damiengantt-mcdade/Library/Developer/Xcode/DerivedData/Codecanic-anxsghmpdceakvagktqalqedacgf/Build/Intermediates.noindex/ArchiveIntermediates/Codecanic/InstallationBuildProductsLocation/Applications/Codecanic.app/Info.plist --archive-ssu-assets
2026-07-02 08:30:26.721 appintentsnltrainingprocessor[3340:3564236] Parsing options for appintentsnltrainingprocessor
2026-07-02 08:30:26.721 appintentsnltrainingprocessor[3340:3564236] Starting AppIntents SSU YAML Generation
2026-07-02 08:30:26.721 appintentsnltrainingprocessor[3340:3564236] No AppShortcuts found - Skipping.

Strip /Users/damiengantt-mcdade/Library/Developer/Xcode/DerivedData/Codecanic-anxsghmpdceakvagktqalqedacgf/Build/Intermediates.noindex/ArchiveIntermediates/Codecanic/InstallationBuildProductsLocation/Applications/Codecanic.app/Codecanic (in target 'Codecanic' from project 'Codecanic')
    cd /Users/damiengantt-mcdade/Codecanic/ios/Codecanic
    /Applications/Xcode.app/Contents/Developer/Toolchains/XcodeDefault.xctoolchain/usr/bin/strip -D /Users/damiengantt-mcdade/Library/Developer/Xcode/DerivedData/Codecanic-anxsghmpdceakvagktqalqedacgf/Build/Intermediates.noindex/ArchiveIntermediates/Codecanic/InstallationBuildProductsLocation/Applications/Codecanic.app/Codecanic

SetOwnerAndGroup damiengantt-mcdade:staff /Users/damiengantt-mcdade/Library/Developer/Xcode/DerivedData/Codecanic-anxsghmpdceakvagktqalqedacgf/Build/Intermediates.noindex/ArchiveIntermediates/Codecanic/InstallationBuildProductsLocation/Applications/Codecanic.app (in target 'Codecanic' from project 'Codecanic')
    cd /Users/damiengantt-mcdade/Codecanic/ios/Codecanic
    /usr/sbin/chown -RH damiengantt-mcdade:staff /Users/damiengantt-mcdade/Library/Developer/Xcode/DerivedData/Codecanic-anxsghmpdceakvagktqalqedacgf/Build/Intermediates.noindex/ArchiveIntermediates/Codecanic/InstallationBuildProductsLocation/Applications/Codecanic.app

SetMode u+w,go-w,a+rX /Users/damiengantt-mcdade/Library/Developer/Xcode/DerivedData/Codecanic-anxsghmpdceakvagktqalqedacgf/Build/Intermediates.noindex/ArchiveIntermediates/Codecanic/InstallationBuildProductsLocation/Applications/Codecanic.app (in target 'Codecanic' from project 'Codecanic')
    cd /Users/damiengantt-mcdade/Codecanic/ios/Codecanic
    /bin/chmod -RH u+w,go-w,a+rX /Users/damiengantt-mcdade/Library/Developer/Xcode/DerivedData/Codecanic-anxsghmpdceakvagktqalqedacgf/Build/Intermediates.noindex/ArchiveIntermediates/Codecanic/InstallationBuildProductsLocation/Applications/Codecanic.app

CodeSign /Users/damiengantt-mcdade/Library/Developer/Xcode/DerivedData/Codecanic-anxsghmpdceakvagktqalqedacgf/Build/Intermediates.noindex/ArchiveIntermediates/Codecanic/InstallationBuildProductsLocation/Applications/Codecanic.app (in target 'Codecanic' from project 'Codecanic')
    cd /Users/damiengantt-mcdade/Codecanic/ios/Codecanic
    
    Signing Identity:     "Apple Distribution: Damien Gantt-McDade (2S2MY5X9B9)"
    Provisioning Profile: "Codecanic App Store"
                          (8f6f3d56-383c-480d-a46b-fc61043a6f50)
    
    /usr/bin/codesign --force --sign 8C39A3EFD605531433E93DD0098CDAFE84F6C0E2 --entitlements /Users/damiengantt-mcdade/Library/Developer/Xcode/DerivedData/Codecanic-anxsghmpdceakvagktqalqedacgf/Build/Intermediates.noindex/ArchiveIntermediates/Codecanic/IntermediateBuildFilesPath/Codecanic.build/Release-iphoneos/Codecanic.build/Codecanic.app.xcent --generate-entitlement-der /Users/damiengantt-mcdade/Library/Developer/Xcode/DerivedData/Codecanic-anxsghmpdceakvagktqalqedacgf/Build/Intermediates.noindex/ArchiveIntermediates/Codecanic/InstallationBuildProductsLocation/Applications/Codecanic.app

RegisterExecutionPolicyException /Users/damiengantt-mcdade/Library/Developer/Xcode/DerivedData/Codecanic-anxsghmpdceakvagktqalqedacgf/Build/Intermediates.noindex/ArchiveIntermediates/Codecanic/InstallationBuildProductsLocation/Applications/Codecanic.app (in target 'Codecanic' from project 'Codecanic')
    cd /Users/damiengantt-mcdade/Codecanic/ios/Codecanic
    builtin-RegisterExecutionPolicyException /Users/damiengantt-mcdade/Library/Developer/Xcode/DerivedData/Codecanic-anxsghmpdceakvagktqalqedacgf/Build/Intermediates.noindex/ArchiveIntermediates/Codecanic/InstallationBuildProductsLocation/Applications/Codecanic.app

Validate /Users/damiengantt-mcdade/Library/Developer/Xcode/DerivedData/Codecanic-anxsghmpdceakvagktqalqedacgf/Build/Intermediates.noindex/ArchiveIntermediates/Codecanic/InstallationBuildProductsLocation/Applications/Codecanic.app (in target 'Codecanic' from project 'Codecanic')
    cd /Users/damiengantt-mcdade/Codecanic/ios/Codecanic
    builtin-validationUtility /Users/damiengantt-mcdade/Library/Developer/Xcode/DerivedData/Codecanic-anxsghmpdceakvagktqalqedacgf/Build/Intermediates.noindex/ArchiveIntermediates/Codecanic/InstallationBuildProductsLocation/Applications/Codecanic.app -validate-for-store -shallow-bundle -infoplist-subpath Info.plist

Touch /Users/damiengantt-mcdade/Library/Developer/Xcode/DerivedData/Codecanic-anxsghmpdceakvagktqalqedacgf/Build/Intermediates.noindex/ArchiveIntermediates/Codecanic/InstallationBuildProductsLocation/Applications/Codecanic.app (in target 'Codecanic' from project 'Codecanic')
    cd /Users/damiengantt-mcdade/Codecanic/ios/Codecanic
    /usr/bin/touch -c /Users/damiengantt-mcdade/Library/Developer/Xcode/DerivedData/Codecanic-anxsghmpdceakvagktqalqedacgf/Build/Intermediates.noindex/ArchiveIntermediates/Codecanic/InstallationBuildProductsLocation/Applications/Codecanic.app

** ARCHIVE SUCCEEDED **

